<?xml version="1.0" encoding="UTF-8"?>
<testsuite xmlns:xsi="http://www.w3.org/2001/XMLSchema-instance" xsi:noNamespaceSchemaLocation="https://maven.apache.org/surefire/maven-surefire-plugin/xsd/surefire-test-report.xsd" version="3.0.2" name="com.dapm.security_service.SecurityServiceApplicationTests" time="23.72" tests="1" errors="0" skipped="0" failures="0">
  <properties>
[...]
</properties>
  <testcase name="contextLoads" classname="com.dapm.security_service.SecurityServiceApplicationTests" time="0.734">
    <system-out><![CDATA[10:25:57.509 [main] INFO org.springframework.test.context.support.AnnotationConfigContextLoaderUtils -- Could not detect default configuration classes for test class [com.dapm.security_service.SecurityServiceApplicationTests]: SecurityServiceApplicationTests does not declare any static, non-private, non-final, nested classes annotated with @Configuration.
10:25:57.759 [main] INFO org.springframework.boot.test.context.SpringBootTestContextBootstrapper -- Found @SpringBootConfiguration com.dapm.security_service.SecurityServiceApplication for test class com.dapm.security_service.SecurityServiceApplicationTests
10:25:58.093 [main] INFO org.springframework.boot.devtools.restart.RestartApplicationListener -- Restart disabled due to context in which it is running

  .   ____          _            __ _ _
 /\\ / ___'_ __ _ _(_)_ __  __ _ \ \ \ \
( ( )\___ | '_ | '_| | '_ \/ _` | \ \ \ \
 \\/  ___)| |_)| | | | | || (_| |  ) ) ) )
  '  |____| .__|_| |_|_| |_\__, | / / / /
 =========|_|==============|___/=/_/_/_/

 :: Spring Boot ::                (v3.4.3)

2025-08-13T10:25:58.551+02:00  INFO 20060 --- [security-service] [           main] c.d.s.SecurityServiceApplicationTests    : Starting SecurityServiceApplicationTests using Java 23 with PID 20060 (started by husss in C:\Users\husss\Documents\DTU\DAPMTHESIS\dapm-thesis\security-service\security-service)
2025-08-13T10:25:58.553+02:00  INFO 20060 --- [security-service] [           main] c.d.s.SecurityServiceApplicationTests    : No active profile set, falling back to 1 default profile: "default"
2025-08-13T10:25:58.668+02:00 DEBUG 20060 --- [security-service] [           main] o.s.b.f.s.DefaultListableBeanFactory     : Creating shared instance of singleton bean 'org.springframework.context.annotation.internalConfigurationAnnotationProcessor'
2025-08-13T10:25:58.701+02:00 DEBUG 20060 --- [security-service] [           main] o.s.b.f.s.DefaultListableBeanFactory     : Creating shared instance of singleton bean 'org.springframework.boot.autoconfigure.internalCachingMetadataReaderFactory'
2025-08-13T10:26:00.921+02:00  INFO 20060 --- [security-service] [           main] .s.d.r.c.RepositoryConfigurationDelegate : Bootstrapping Spring Data JPA repositories in DEFAULT mode.
2025-08-13T10:26:00.948+02:00 DEBUG 20060 --- [security-service] [           main] o.s.b.f.s.DefaultListableBeanFactory     : Creating shared instance of singleton bean 'org.springframework.boot.autoconfigure.AutoConfigurationPackages'
2025-08-13T10:26:01.160+02:00  INFO 20060 --- [security-service] [           main] .s.d.r.c.RepositoryConfigurationDelegate : Finished Spring Data repository scanning in 218 ms. Found 19 JPA repository interfaces.
2025-08-13T10:26:01.363+02:00 DEBUG 20060 --- [security-service] [           main] o.s.b.f.s.DefaultListableBeanFactory     : Creating shared instance of singleton bean 'springSecurityHandlerMappingIntrospectorBeanDefinitionRegistryPostProcessor'
2025-08-13T10:26:01.490+02:00 DEBUG 20060 --- [security-service] [           main] o.s.b.f.s.DefaultListableBeanFactory     : Creating shared instance of singleton bean 'propertySourcesPlaceholderConfigurer'
2025-08-13T10:26:01.501+02:00 DEBUG 20060 --- [security-service] [           main] o.s.b.f.s.DefaultListableBeanFactory     : Creating shared instance of singleton bean 'org.springframework.boot.test.mock.mockito.MockitoPostProcessor'
2025-08-13T10:26:01.503+02:00 DEBUG 20060 --- [security-service] [           main] o.s.b.f.s.DefaultListableBeanFactory     : Creating shared instance of singleton bean 'emBeanDefinitionRegistrarPostProcessor'
2025-08-13T10:26:01.503+02:00 DEBUG 20060 --- [security-service] [           main] o.s.b.f.s.DefaultListableBeanFactory     : Creating shared instance of singleton bean 'org.springframework.boot.sql.init.dependency.DatabaseInitializationDependencyConfigurer$DependsOnDatabaseInitializationPostProcessor'
2025-08-13T10:26:01.665+02:00 DEBUG 20060 --- [security-service] [           main] o.s.b.f.s.DefaultListableBeanFactory     : Creating shared instance of singleton bean 'org.springframework.context.event.internalEventListenerProcessor'
2025-08-13T10:26:01.668+02:00 DEBUG 20060 --- [security-service] [           main] o.s.b.f.s.DefaultListableBeanFactory     : Creating shared instance of singleton bean 'preserveErrorControllerTargetClassPostProcessor'
2025-08-13T10:26:01.669+02:00 DEBUG 20060 --- [security-service] [           main] o.s.b.f.s.DefaultListableBeanFactory     : Creating shared instance of singleton bean 'conversionServicePostProcessor'
2025-08-13T10:26:01.687+02:00 DEBUG 20060 --- [security-service] [           main] o.s.b.f.s.DefaultListableBeanFactory     : Creating shared instance of singleton bean 'org.springframework.context.event.internalEventListenerFactory'
2025-08-13T10:26:01.688+02:00 DEBUG 20060 --- [security-service] [           main] o.s.b.f.s.DefaultListableBeanFactory     : Creating shared instance of singleton bean 'org.springframework.transaction.config.internalTransactionalEventListenerFactory'
2025-08-13T10:26:01.695+02:00 DEBUG 20060 --- [security-service] [           main] o.s.b.f.s.DefaultListableBeanFactory     : Creating shared instance of singleton bean 'org.springframework.boot.test.mock.mockito.MockitoPostProcessor$SpyPostProcessor'
2025-08-13T10:26:01.699+02:00 DEBUG 20060 --- [security-service] [           main] o.s.b.f.s.DefaultListableBeanFactory     : Creating shared instance of singleton bean 'org.springframework.context.annotation.internalAutowiredAnnotationProcessor'
2025-08-13T10:26:01.702+02:00 DEBUG 20060 --- [security-service] [           main] o.s.b.f.s.DefaultListableBeanFactory     : Creating shared instance of singleton bean 'org.springframework.context.annotation.internalCommonAnnotationProcessor'
2025-08-13T10:26:01.708+02:00 DEBUG 20060 --- [security-service] [           main] o.s.b.f.s.DefaultListableBeanFactory     : Creating shared instance of singleton bean 'org.springframework.context.annotation.internalPersistenceAnnotationProcessor'
2025-08-13T10:26:01.709+02:00 DEBUG 20060 --- [security-service] [           main] o.s.b.f.s.DefaultListableBeanFactory     : Creating shared instance of singleton bean 'org.springframework.boot.context.properties.ConfigurationPropertiesBindingPostProcessor'
2025-08-13T10:26:01.710+02:00 DEBUG 20060 --- [security-service] [           main] o.s.b.f.s.DefaultListableBeanFactory     : Creating shared instance of singleton bean 'org.springframework.boot.context.internalConfigurationPropertiesBinder'
2025-08-13T10:26:01.716+02:00 DEBUG 20060 --- [security-service] [           main] o.s.b.f.s.DefaultListableBeanFactory     : Creating shared instance of singleton bean 'jdbcConnectionDetailsHikariBeanPostProcessor'
2025-08-13T10:26:01.723+02:00 DEBUG 20060 --- [security-service] [           main] o.s.b.f.s.DefaultListableBeanFactory     : Creating shared instance of singleton bean 'org.springframework.aop.config.internalAutoProxyCreator'
2025-08-13T10:26:01.788+02:00 DEBUG 20060 --- [security-service] [           main] o.s.b.f.s.DefaultListableBeanFactory     : Creating shared instance of singleton bean 'org.springframework.context.annotation.internalAsyncAnnotationProcessor'
2025-08-13T10:26:01.789+02:00 DEBUG 20060 --- [security-service] [           main] o.s.b.f.s.DefaultListableBeanFactory     : Creating shared instance of singleton bean 'org.springframework.scheduling.annotation.ProxyAsyncConfiguration'
2025-08-13T10:26:01.814+02:00 DEBUG 20060 --- [security-service] [           main] o.s.b.f.s.DefaultListableBeanFactory     : Creating shared instance of singleton bean 'persistenceExceptionTranslationPostProcessor'
2025-08-13T10:26:01.816+02:00 DEBUG 20060 --- [security-service] [           main] o.s.b.f.s.DefaultListableBeanFactory     : Autowiring by type from bean name 'persistenceExceptionTranslationPostProcessor' via factory method to bean named 'environment'
2025-08-13T10:26:01.824+02:00 DEBUG 20060 --- [security-service] [           main] o.s.b.f.s.DefaultListableBeanFactory     : Creating shared instance of singleton bean 'org.springframework.kafka.config.internalKafkaListenerAnnotationProcessor'
2025-08-13T10:26:01.840+02:00 DEBUG 20060 --- [security-service] [           main] o.s.b.f.s.DefaultListableBeanFactory     : Creating shared instance of singleton bean 'webServerFactoryCustomizerBeanPostProcessor'
2025-08-13T10:26:01.842+02:00 DEBUG 20060 --- [security-service] [           main] o.s.b.f.s.DefaultListableBeanFactory     : Creating shared instance of singleton bean 'errorPageRegistrarBeanPostProcessor'
2025-08-13T10:26:01.844+02:00 DEBUG 20060 --- [security-service] [           main] o.s.b.f.s.DefaultListableBeanFactory     : Creating shared instance of singleton bean 'healthEndpointGroupsBeanPostProcessor'
2025-08-13T10:26:01.847+02:00 DEBUG 20060 --- [security-service] [           main] o.s.b.f.s.DefaultListableBeanFactory     : Creating shared instance of singleton bean 'preFilterAuthorizationAdvisor'
2025-08-13T10:26:01.847+02:00 DEBUG 20060 --- [security-service] [           main] o.s.b.f.s.DefaultListableBeanFactory     : Creating shared instance of singleton bean 'preFilterAuthorizationMethodInterceptor'
2025-08-13T10:26:01.880+02:00 DEBUG 20060 --- [security-service] [           main] o.s.b.f.s.DefaultListableBeanFactory     : Creating shared instance of singleton bean 'preAuthorizeAuthorizationAdvisor'
2025-08-13T10:26:01.880+02:00 DEBUG 20060 --- [security-service] [           main] o.s.b.f.s.DefaultListableBeanFactory     : Creating shared instance of singleton bean 'preAuthorizeAuthorizationMethodInterceptor'
2025-08-13T10:26:01.883+02:00 DEBUG 20060 --- [security-service] [           main] o.s.b.f.s.DefaultListableBeanFactory     : Creating shared instance of singleton bean 'postFilterAuthorizationAdvisor'
2025-08-13T10:26:01.883+02:00 DEBUG 20060 --- [security-service] [           main] o.s.b.f.s.DefaultListableBeanFactory     : Creating shared instance of singleton bean 'postFilterAuthorizationMethodInterceptor'
2025-08-13T10:26:01.887+02:00 DEBUG 20060 --- [security-service] [           main] o.s.b.f.s.DefaultListableBeanFactory     : Creating shared instance of singleton bean 'postAuthorizeAuthorizationAdvisor'
2025-08-13T10:26:01.887+02:00 DEBUG 20060 --- [security-service] [           main] o.s.b.f.s.DefaultListableBeanFactory     : Creating shared instance of singleton bean 'postAuthorizeAuthorizationMethodInterceptor'
2025-08-13T10:26:01.888+02:00 DEBUG 20060 --- [security-service] [           main] o.s.b.f.s.DefaultListableBeanFactory     : Creating shared instance of singleton bean 'authorizeReturnObjectAdvisor'
2025-08-13T10:26:01.889+02:00 DEBUG 20060 --- [security-service] [           main] o.s.b.f.s.DefaultListableBeanFactory     : Creating shared instance of singleton bean 'authorizeReturnObjectMethodInterceptor'
2025-08-13T10:26:01.890+02:00 DEBUG 20060 --- [security-service] [           main] o.s.b.f.s.DefaultListableBeanFactory     : Creating shared instance of singleton bean 'authorizationProxyFactory'
2025-08-13T10:26:01.896+02:00 DEBUG 20060 --- [security-service] [           main] o.s.b.f.s.DefaultListableBeanFactory     : Creating shared instance of singleton bean 'org.springframework.transaction.config.internalTransactionAdvisor'
2025-08-13T10:26:01.897+02:00 DEBUG 20060 --- [security-service] [           main] o.s.b.f.s.DefaultListableBeanFactory     : Creating shared instance of singleton bean 'org.springframework.transaction.annotation.ProxyTransactionManagementConfiguration'
2025-08-13T10:26:02.271+02:00 DEBUG 20060 --- [security-service] [           main] o.s.b.f.s.DefaultListableBeanFactory     : Creating shared instance of singleton bean 'transactionAttributeSource'
2025-08-13T10:26:02.291+02:00 DEBUG 20060 --- [security-service] [           main] o.s.b.f.s.DefaultListableBeanFactory     : Creating shared instance of singleton bean 'transactionInterceptor'
2025-08-13T10:26:02.292+02:00 DEBUG 20060 --- [security-service] [           main] o.s.b.f.s.DefaultListableBeanFactory     : Autowiring by type from bean name 'transactionInterceptor' via factory method to bean named 'transactionAttributeSource'
2025-08-13T10:26:02.302+02:00 DEBUG 20060 --- [security-service] [           main] o.s.b.f.s.DefaultListableBeanFactory     : Autowiring by type from bean name 'org.springframework.transaction.config.internalTransactionAdvisor' via factory method to bean named 'transactionAttributeSource'
2025-08-13T10:26:02.302+02:00 DEBUG 20060 --- [security-service] [           main] o.s.b.f.s.DefaultListableBeanFactory     : Autowiring by type from bean name 'org.springframework.transaction.config.internalTransactionAdvisor' via factory method to bean named 'transactionInterceptor'
2025-08-13T10:26:02.310+02:00 DEBUG 20060 --- [security-service] [           main] o.s.b.f.s.DefaultListableBeanFactory     : Autowiring by type from bean name 'authorizeReturnObjectMethodInterceptor' via factory method to bean named 'authorizationProxyFactory'
2025-08-13T10:26:02.332+02:00 DEBUG 20060 --- [security-service] [           main] o.s.b.f.s.DefaultListableBeanFactory     : Creating shared instance of singleton bean 'meterRegistryPostProcessor'
2025-08-13T10:26:02.335+02:00 DEBUG 20060 --- [security-service] [           main] o.s.b.f.s.DefaultListableBeanFactory     : Autowiring by type from bean name 'meterRegistryPostProcessor' via factory method to bean named 'org.springframework.web.context.support.GenericWebApplicationContext@6a9287b1'
2025-08-13T10:26:02.348+02:00 DEBUG 20060 --- [security-service] [           main] o.s.b.f.s.DefaultListableBeanFactory     : Creating shared instance of singleton bean 'metricsRepositoryMethodInvocationListenerBeanPostProcessor'
2025-08-13T10:26:02.353+02:00 DEBUG 20060 --- [security-service] [           main] o.s.b.f.s.DefaultListableBeanFactory     : Creating shared instance of singleton bean 'observationRegistryPostProcessor'
2025-08-13T10:26:02.360+02:00 DEBUG 20060 --- [security-service] [           main] o.s.b.f.s.DefaultListableBeanFactory     : Creating shared instance of singleton bean 'projectingArgumentResolverBeanPostProcessor'
2025-08-13T10:26:02.462+02:00 DEBUG 20060 --- [security-service] [           main] o.s.b.f.s.DefaultListableBeanFactory     : Creating shared instance of singleton bean 'org.springframework.test.context.support.internalDynamicPropertyRegistrarBeanInitializer'
2025-08-13T10:26:02.470+02:00 DEBUG 20060 --- [security-service] [           main] o.s.b.f.s.DefaultListableBeanFactory     : Creating shared instance of singleton bean 'dataSourceScriptDatabaseInitializer'
2025-08-13T10:26:02.470+02:00 DEBUG 20060 --- [security-service] [           main] o.s.b.f.s.DefaultListableBeanFactory     : Creating shared instance of singleton bean 'org.springframework.boot.autoconfigure.sql.init.DataSourceInitializationConfiguration'
2025-08-13T10:26:02.473+02:00 DEBUG 20060 --- [security-service] [           main] o.s.b.f.s.DefaultListableBeanFactory     : Creating shared instance of singleton bean 'dataSource'
2025-08-13T10:26:02.474+02:00 DEBUG 20060 --- [security-service] [           main] o.s.b.f.s.DefaultListableBeanFactory     : Creating shared instance of singleton bean 'org.springframework.boot.autoconfigure.jdbc.DataSourceConfiguration$Hikari'
2025-08-13T10:26:02.480+02:00 DEBUG 20060 --- [security-service] [           main] o.s.b.f.s.DefaultListableBeanFactory     : Creating shared instance of singleton bean 'spring.datasource-org.springframework.boot.autoconfigure.jdbc.DataSourceProperties'
2025-08-13T10:26:02.482+02:00 DEBUG 20060 --- [security-service] [           main] o.s.b.f.s.DefaultListableBeanFactory     : Creating shared instance of singleton bean 'org.springframework.boot.context.properties.BoundConfigurationProperties'
2025-08-13T10:26:02.526+02:00 DEBUG 20060 --- [security-service] [           main] o.s.b.f.s.DefaultListableBeanFactory     : Creating shared instance of singleton bean 'jdbcConnectionDetails'
2025-08-13T10:26:02.527+02:00 DEBUG 20060 --- [security-service] [           main] o.s.b.f.s.DefaultListableBeanFactory     : Creating shared instance of singleton bean 'org.springframework.boot.autoconfigure.jdbc.DataSourceAutoConfiguration$PooledDataSourceConfiguration'
2025-08-13T10:26:02.532+02:00 DEBUG 20060 --- [security-service] [           main] o.s.b.f.s.DefaultListableBeanFactory     : Autowiring by type from bean name 'jdbcConnectionDetails' via factory method to bean named 'spring.datasource-org.springframework.boot.autoconfigure.jdbc.DataSourceProperties'
2025-08-13T10:26:02.537+02:00 DEBUG 20060 --- [security-service] [           main] o.s.b.f.s.DefaultListableBeanFactory     : Autowiring by type from bean name 'dataSource' via factory method to bean named 'spring.datasource-org.springframework.boot.autoconfigure.jdbc.DataSourceProperties'
2025-08-13T10:26:02.537+02:00 DEBUG 20060 --- [security-service] [           main] o.s.b.f.s.DefaultListableBeanFactory     : Autowiring by type from bean name 'dataSource' via factory method to bean named 'jdbcConnectionDetails'
2025-08-13T10:26:02.608+02:00 DEBUG 20060 --- [security-service] [           main] o.s.b.f.s.DefaultListableBeanFactory     : Creating shared instance of singleton bean 'spring.sql.init-org.springframework.boot.autoconfigure.sql.init.SqlInitializationProperties'
2025-08-13T10:26:02.617+02:00 DEBUG 20060 --- [security-service] [           main] o.s.b.f.s.DefaultListableBeanFactory     : Autowiring by type from bean name 'dataSourceScriptDatabaseInitializer' via factory method to bean named 'dataSource'
2025-08-13T10:26:02.618+02:00 DEBUG 20060 --- [security-service] [           main] o.s.b.f.s.DefaultListableBeanFactory     : Autowiring by type from bean name 'dataSourceScriptDatabaseInitializer' via factory method to bean named 'spring.sql.init-org.springframework.boot.autoconfigure.sql.init.SqlInitializationProperties'
2025-08-13T10:26:02.633+02:00 DEBUG 20060 --- [security-service] [           main] o.s.b.f.s.DefaultListableBeanFactory     : Creating shared instance of singleton bean 'entityManagerFactory'
2025-08-13T10:26:02.633+02:00 DEBUG 20060 --- [security-service] [           main] o.s.b.f.s.DefaultListableBeanFactory     : Creating shared instance of singleton bean 'org.springframework.boot.autoconfigure.orm.jpa.HibernateJpaConfiguration'
2025-08-13T10:26:02.635+02:00 DEBUG 20060 --- [security-service] [           main] o.s.b.f.s.DefaultListableBeanFactory     : Creating shared instance of singleton bean 'spring.jpa-org.springframework.boot.autoconfigure.orm.jpa.JpaProperties'
2025-08-13T10:26:02.647+02:00 DEBUG 20060 --- [security-service] [           main] o.s.b.f.s.DefaultListableBeanFactory     : Creating shared instance of singleton bean 'spring.jpa.hibernate-org.springframework.boot.autoconfigure.orm.jpa.HibernateProperties'
2025-08-13T10:26:02.653+02:00 DEBUG 20060 --- [security-service] [           main] o.s.b.f.s.DefaultListableBeanFactory     : Autowiring by type from bean name 'org.springframework.boot.autoconfigure.orm.jpa.HibernateJpaConfiguration' via constructor to bean named 'dataSource'
2025-08-13T10:26:02.654+02:00 DEBUG 20060 --- [security-service] [           main] o.s.b.f.s.DefaultListableBeanFactory     : Autowiring by type from bean name 'org.springframework.boot.autoconfigure.orm.jpa.HibernateJpaConfiguration' via constructor to bean named 'spring.jpa-org.springframework.boot.autoconfigure.orm.jpa.JpaProperties'
2025-08-13T10:26:02.654+02:00 DEBUG 20060 --- [security-service] [           main] o.s.b.f.s.DefaultListableBeanFactory     : Autowiring by type from bean name 'org.springframework.boot.autoconfigure.orm.jpa.HibernateJpaConfiguration' via constructor to bean named 'org.springframework.beans.factory.support.DefaultListableBeanFactory@417d6615'
2025-08-13T10:26:02.654+02:00 DEBUG 20060 --- [security-service] [           main] o.s.b.f.s.DefaultListableBeanFactory     : Autowiring by type from bean name 'org.springframework.boot.autoconfigure.orm.jpa.HibernateJpaConfiguration' via constructor to bean named 'spring.jpa.hibernate-org.springframework.boot.autoconfigure.orm.jpa.HibernateProperties'
2025-08-13T10:26:02.662+02:00 DEBUG 20060 --- [security-service] [           main] o.s.b.f.s.DefaultListableBeanFactory     : Creating shared instance of singleton bean 'hikariPoolDataSourceMetadataProvider'
2025-08-13T10:26:02.663+02:00 DEBUG 20060 --- [security-service] [           main] o.s.b.f.s.DefaultListableBeanFactory     : Creating shared instance of singleton bean 'org.springframework.boot.autoconfigure.jdbc.metadata.DataSourcePoolMetadataProvidersConfiguration$HikariPoolDataSourceMetadataProviderConfiguration'
2025-08-13T10:26:02.686+02:00 DEBUG 20060 --- [security-service] [           main] o.s.b.f.s.DefaultListableBeanFactory     : Creating shared instance of singleton bean 'entityManagerFactoryBuilder'
2025-08-13T10:26:02.688+02:00 DEBUG 20060 --- [security-service] [           main] o.s.b.f.s.DefaultListableBeanFactory     : Creating shared instance of singleton bean 'jpaVendorAdapter'
2025-08-13T10:26:02.734+02:00 DEBUG 20060 --- [security-service] [           main] o.s.b.f.s.DefaultListableBeanFactory     : Autowiring by type from bean name 'entityManagerFactoryBuilder' via factory method to bean named 'jpaVendorAdapter'
2025-08-13T10:26:02.758+02:00 DEBUG 20060 --- [security-service] [           main] o.s.b.f.s.DefaultListableBeanFactory     : Creating shared instance of singleton bean 'persistenceManagedTypes'
2025-08-13T10:26:02.762+02:00 DEBUG 20060 --- [security-service] [           main] o.s.b.f.s.DefaultListableBeanFactory     : Autowiring by type from bean name 'persistenceManagedTypes' via factory method to bean named 'org.springframework.beans.factory.support.DefaultListableBeanFactory@417d6615'
2025-08-13T10:26:02.763+02:00 DEBUG 20060 --- [security-service] [           main] o.s.b.f.s.DefaultListableBeanFactory     : Autowiring by type from bean name 'persistenceManagedTypes' via factory method to bean named 'org.springframework.web.context.support.GenericWebApplicationContext@6a9287b1'
2025-08-13T10:26:02.765+02:00 DEBUG 20060 --- [security-service] [           main] o.s.b.f.s.DefaultListableBeanFactory     : Creating shared instance of singleton bean 'org.springframework.boot.autoconfigure.domain.EntityScanPackages'
2025-08-13T10:26:02.788+02:00 DEBUG 20060 --- [security-service] [           main] o.s.b.f.s.DefaultListableBeanFactory     : Autowiring by type from bean name 'entityManagerFactory' via factory method to bean named 'entityManagerFactoryBuilder'
2025-08-13T10:26:02.788+02:00 DEBUG 20060 --- [security-service] [           main] o.s.b.f.s.DefaultListableBeanFactory     : Autowiring by type from bean name 'entityManagerFactory' via factory method to bean named 'persistenceManagedTypes'
2025-08-13T10:26:02.888+02:00  INFO 20060 --- [security-service] [           main] o.hibernate.jpa.internal.util.LogHelper  : HHH000204: Processing PersistenceUnitInfo [name: default]
2025-08-13T10:26:03.066+02:00  INFO 20060 --- [security-service] [           main] org.hibernate.Version                    : HHH000412: Hibernate ORM core version 6.6.8.Final
2025-08-13T10:26:03.155+02:00  INFO 20060 --- [security-service] [           main] o.h.c.internal.RegionFactoryInitiator    : HHH000026: Second-level cache disabled
2025-08-13T10:26:03.776+02:00  INFO 20060 --- [security-service] [           main] o.s.o.j.p.SpringPersistenceUnitInfo      : No LoadTimeWeaver setup: ignoring JPA class transformer
2025-08-13T10:26:03.844+02:00  INFO 20060 --- [security-service] [           main] com.zaxxer.hikari.HikariDataSource       : HikariPool-1 - Starting...
2025-08-13T10:26:04.404+02:00  INFO 20060 --- [security-service] [           main] com.zaxxer.hikari.pool.HikariPool        : HikariPool-1 - Added connection org.postgresql.jdbc.PgConnection@14bf9fd0
2025-08-13T10:26:04.406+02:00  INFO 20060 --- [security-service] [           main] com.zaxxer.hikari.HikariDataSource       : HikariPool-1 - Start completed.
2025-08-13T10:26:04.580+02:00  INFO 20060 --- [security-service] [           main] org.hibernate.orm.connections.pooling    : HHH10001005: Database info:
	Database JDBC URL [Connecting through datasource 'HikariDataSource (HikariPool-1)']
	Database driver: undefined/unknown
	Database version: 17.4
	Autocommit mode: undefined/unknown
	Isolation level: undefined/unknown
	Minimum pool size: undefined/unknown
	Maximum pool size: undefined/unknown
2025-08-13T10:26:08.812+02:00  INFO 20060 --- [security-service] [           main] o.h.e.t.j.p.i.JtaPlatformInitiator       : HHH000489: No JTA platform available (set 'hibernate.transaction.jta.platform' to enable JTA platform integration)
2025-08-13T10:26:11.655+02:00  INFO 20060 --- [security-service] [           main] j.LocalContainerEntityManagerFactoryBean : Initialized JPA EntityManagerFactory for persistence unit 'default'
2025-08-13T10:26:11.679+02:00 DEBUG 20060 --- [security-service] [           main] o.s.b.f.s.DefaultListableBeanFactory     : Creating shared instance of singleton bean 'securityServiceApplication'
2025-08-13T10:26:11.694+02:00 DEBUG 20060 --- [security-service] [           main] o.s.b.f.s.DefaultListableBeanFactory     : Creating shared instance of singleton bean 'applicationConfig'
2025-08-13T10:26:11.705+02:00 DEBUG 20060 --- [security-service] [           main] o.s.b.f.s.DefaultListableBeanFactory     : Creating shared instance of singleton bean 'userRepository'
2025-08-13T10:26:11.721+02:00 DEBUG 20060 --- [security-service] [           main] o.s.b.f.s.DefaultListableBeanFactory     : Creating shared instance of singleton bean 'jpa.named-queries#15'
2025-08-13T10:26:11.735+02:00 DEBUG 20060 --- [security-service] [           main] o.s.b.f.s.DefaultListableBeanFactory     : Creating shared instance of singleton bean 'jpa.UserRepository.fragments#0'
2025-08-13T10:26:11.821+02:00 DEBUG 20060 --- [security-service] [           main] o.s.b.f.s.DefaultListableBeanFactory     : Creating shared instance of singleton bean 'jpaSharedEM_entityManagerFactory'
2025-08-13T10:26:11.952+02:00 DEBUG 20060 --- [security-service] [           main] o.s.b.f.s.DefaultListableBeanFactory     : Creating shared instance of singleton bean 'jpaMappingContext'
2025-08-13T10:26:12.160+02:00 DEBUG 20060 --- [security-service] [           main] o.s.b.f.s.DefaultListableBeanFactory     : Creating shared instance of singleton bean 'metricsRepositoryMethodInvocationListener'
2025-08-13T10:26:12.160+02:00 DEBUG 20060 --- [security-service] [           main] o.s.b.f.s.DefaultListableBeanFactory     : Creating shared instance of singleton bean 'org.springframework.boot.actuate.autoconfigure.metrics.data.RepositoryMetricsAutoConfiguration'
2025-08-13T10:26:12.162+02:00 DEBUG 20060 --- [security-service] [           main] o.s.b.f.s.DefaultListableBeanFactory     : Creating shared instance of singleton bean 'management.metrics-org.springframework.boot.actuate.autoconfigure.metrics.MetricsProperties'
2025-08-13T10:26:12.169+02:00 DEBUG 20060 --- [security-service] [           main] o.s.b.f.s.DefaultListableBeanFactory     : Autowiring by type from bean name 'org.springframework.boot.actuate.autoconfigure.metrics.data.RepositoryMetricsAutoConfiguration' via constructor to bean named 'management.metrics-org.springframework.boot.actuate.autoconfigure.metrics.MetricsProperties'
2025-08-13T10:26:12.175+02:00 DEBUG 20060 --- [security-service] [           main] o.s.b.f.s.DefaultListableBeanFactory     : Creating shared instance of singleton bean 'repositoryTagsProvider'
2025-08-13T10:26:12.184+02:00 DEBUG 20060 --- [security-service] [           main] o.s.b.f.s.DefaultListableBeanFactory     : Autowiring by type from bean name 'metricsRepositoryMethodInvocationListener' via factory method to bean named 'repositoryTagsProvider'
2025-08-13T10:26:12.534+02:00 DEBUG 20060 --- [security-service] [           main] o.s.b.f.s.DefaultListableBeanFactory     : Autowiring by type from bean name 'applicationConfig' via constructor to bean named 'userRepository'
2025-08-13T10:26:12.540+02:00 DEBUG 20060 --- [security-service] [           main] o.s.b.f.s.DefaultListableBeanFactory     : Creating shared instance of singleton bean 'jwtAuthenticationFilter'
2025-08-13T10:26:12.542+02:00 DEBUG 20060 --- [security-service] [           main] o.s.b.f.s.DefaultListableBeanFactory     : Creating shared instance of singleton bean 'jwtService'
2025-08-13T10:26:12.545+02:00 DEBUG 20060 --- [security-service] [           main] o.s.b.f.s.DefaultListableBeanFactory     : Creating shared instance of singleton bean 'userRoleAssignmentRepository'
2025-08-13T10:26:12.547+02:00 DEBUG 20060 --- [security-service] [           main] o.s.b.f.s.DefaultListableBeanFactory     : Creating shared instance of singleton bean 'jpa.named-queries#7'
2025-08-13T10:26:12.552+02:00 DEBUG 20060 --- [security-service] [           main] o.s.b.f.s.DefaultListableBeanFactory     : Creating shared instance of singleton bean 'jpa.UserRoleAssignmentRepository.fragments#0'
2025-08-13T10:26:12.614+02:00 DEBUG 20060 --- [security-service] [           main] o.s.b.f.s.DefaultListableBeanFactory     : Creating shared instance of singleton bean 'customUserDetailsService'
2025-08-13T10:26:12.615+02:00 DEBUG 20060 --- [security-service] [           main] o.s.b.f.s.DefaultListableBeanFactory     : Creating shared instance of singleton bean 'orgPermissionRepository'
2025-08-13T10:26:12.619+02:00 DEBUG 20060 --- [security-service] [           main] o.s.b.f.s.DefaultListableBeanFactory     : Creating shared instance of singleton bean 'jpa.named-queries#6'
2025-08-13T10:26:12.621+02:00 DEBUG 20060 --- [security-service] [           main] o.s.b.f.s.DefaultListableBeanFactory     : Creating shared instance of singleton bean 'jpa.OrgPermissionRepository.fragments#0'
2025-08-13T10:26:12.660+02:00 DEBUG 20060 --- [security-service] [           main] o.s.b.f.s.DefaultListableBeanFactory     : Creating shared instance of singleton bean 'projectRolePermissionRepository'
2025-08-13T10:26:12.663+02:00 DEBUG 20060 --- [security-service] [           main] o.s.b.f.s.DefaultListableBeanFactory     : Creating shared instance of singleton bean 'jpa.named-queries#4'
2025-08-13T10:26:12.666+02:00 DEBUG 20060 --- [security-service] [           main] o.s.b.f.s.DefaultListableBeanFactory     : Creating shared instance of singleton bean 'jpa.ProjectRolePermissionRepository.fragments#0'
2025-08-13T10:26:12.740+02:00  INFO 20060 --- [security-service] [           main] o.s.d.j.r.query.QueryEnhancerFactory     : Hibernate is in classpath; If applicable, HQL parser will be used.
2025-08-13T10:26:13.968+02:00 DEBUG 20060 --- [security-service] [           main] o.s.b.f.s.DefaultListableBeanFactory     : Autowiring by type from bean name 'customUserDetailsService' via constructor to bean named 'userRepository'
2025-08-13T10:26:13.968+02:00 DEBUG 20060 --- [security-service] [           main] o.s.b.f.s.DefaultListableBeanFactory     : Autowiring by type from bean name 'customUserDetailsService' via constructor to bean named 'orgPermissionRepository'
2025-08-13T10:26:13.968+02:00 DEBUG 20060 --- [security-service] [           main] o.s.b.f.s.DefaultListableBeanFactory     : Autowiring by type from bean name 'customUserDetailsService' via constructor to bean named 'userRoleAssignmentRepository'
2025-08-13T10:26:13.968+02:00 DEBUG 20060 --- [security-service] [           main] o.s.b.f.s.DefaultListableBeanFactory     : Autowiring by type from bean name 'customUserDetailsService' via constructor to bean named 'projectRolePermissionRepository'
2025-08-13T10:26:13.975+02:00 DEBUG 20060 --- [security-service] [           main] o.s.b.f.s.DefaultListableBeanFactory     : Autowiring by type from bean name 'jwtAuthenticationFilter' via constructor to bean named 'jwtService'
2025-08-13T10:26:13.975+02:00 DEBUG 20060 --- [security-service] [           main] o.s.b.f.s.DefaultListableBeanFactory     : Autowiring by type from bean name 'jwtAuthenticationFilter' via constructor to bean named 'customUserDetailsService'
2025-08-13T10:26:13.981+02:00 DEBUG 20060 --- [security-service] [           main] o.s.b.f.s.DefaultListableBeanFactory     : Creating shared instance of singleton bean 'organizationKeysConfig'
2025-08-13T10:26:13.991+02:00 DEBUG 20060 --- [security-service] [           main] o.s.b.f.s.DefaultListableBeanFactory     : Creating shared instance of singleton bean 'securityConfig'
2025-08-13T10:26:13.993+02:00 DEBUG 20060 --- [security-service] [           main] o.s.b.f.s.DefaultListableBeanFactory     : Autowiring by type from bean name 'securityConfig' via constructor to bean named 'customUserDetailsService'
2025-08-13T10:26:13.993+02:00 DEBUG 20060 --- [security-service] [           main] o.s.b.f.s.DefaultListableBeanFactory     : Autowiring by type from bean name 'securityConfig' via constructor to bean named 'jwtAuthenticationFilter'
2025-08-13T10:26:13.998+02:00 DEBUG 20060 --- [security-service] [           main] o.s.b.f.s.DefaultListableBeanFactory     : Creating shared instance of singleton bean 'swaggerConfig'
2025-08-13T10:26:14.001+02:00 DEBUG 20060 --- [security-service] [           main] o.s.b.f.s.DefaultListableBeanFactory     : Creating shared instance of singleton bean 'authenticationController'
2025-08-13T10:26:14.014+02:00 DEBUG 20060 --- [security-service] [           main] o.s.b.f.s.DefaultListableBeanFactory     : Creating shared instance of singleton bean 'authenticationService2'
2025-08-13T10:26:14.017+02:00 DEBUG 20060 --- [security-service] [           main] o.s.b.f.s.DefaultListableBeanFactory     : Creating shared instance of singleton bean 'passwordEncoder'
2025-08-13T10:26:14.022+02:00 DEBUG 20060 --- [security-service] [           main] o.s.b.f.s.DefaultListableBeanFactory     : Creating shared instance of singleton bean 'authenticationManager'
2025-08-13T10:26:14.023+02:00 DEBUG 20060 --- [security-service] [           main] o.s.b.f.s.DefaultListableBeanFactory     : Creating shared instance of singleton bean 'org.springframework.security.config.annotation.authentication.configuration.AuthenticationConfiguration'
2025-08-13T10:26:14.026+02:00 DEBUG 20060 --- [security-service] [           main] o.s.b.f.s.DefaultListableBeanFactory     : Creating shared instance of singleton bean 'enableGlobalAuthenticationAutowiredConfigurer'
2025-08-13T10:26:14.028+02:00 DEBUG 20060 --- [security-service] [           main] o.s.b.f.s.DefaultListableBeanFactory     : Autowiring by type from bean name 'enableGlobalAuthenticationAutowiredConfigurer' via factory method to bean named 'org.springframework.web.context.support.GenericWebApplicationContext@6a9287b1'
2025-08-13T10:26:14.032+02:00 DEBUG 20060 --- [security-service] [           main] o.s.b.f.s.DefaultListableBeanFactory     : Creating shared instance of singleton bean 'initializeUserDetailsBeanManagerConfigurer'
2025-08-13T10:26:14.033+02:00 DEBUG 20060 --- [security-service] [           main] o.s.b.f.s.DefaultListableBeanFactory     : Autowiring by type from bean name 'initializeUserDetailsBeanManagerConfigurer' via factory method to bean named 'org.springframework.web.context.support.GenericWebApplicationContext@6a9287b1'
2025-08-13T10:26:14.036+02:00 DEBUG 20060 --- [security-service] [           main] o.s.b.f.s.DefaultListableBeanFactory     : Creating shared instance of singleton bean 'initializeAuthenticationProviderBeanManagerConfigurer'
2025-08-13T10:26:14.037+02:00 DEBUG 20060 --- [security-service] [           main] o.s.b.f.s.DefaultListableBeanFactory     : Autowiring by type from bean name 'initializeAuthenticationProviderBeanManagerConfigurer' via factory method to bean named 'org.springframework.web.context.support.GenericWebApplicationContext@6a9287b1'
2025-08-13T10:26:14.041+02:00 DEBUG 20060 --- [security-service] [           main] o.s.b.f.s.DefaultListableBeanFactory     : Creating shared instance of singleton bean 'objectPostProcessor'
2025-08-13T10:26:14.041+02:00 DEBUG 20060 --- [security-service] [           main] o.s.b.f.s.DefaultListableBeanFactory     : Creating shared instance of singleton bean 'org.springframework.security.config.annotation.configuration.ObjectPostProcessorConfiguration'
2025-08-13T10:26:14.045+02:00 DEBUG 20060 --- [security-service] [           main] o.s.b.f.s.DefaultListableBeanFactory     : Autowiring by type from bean name 'objectPostProcessor' via factory method to bean named 'org.springframework.beans.factory.support.DefaultListableBeanFactory@417d6615'
2025-08-13T10:26:14.052+02:00 DEBUG 20060 --- [security-service] [           main] o.s.b.f.s.DefaultListableBeanFactory     : Autowiring by type from bean name 'authenticationManager' via factory method to bean named 'org.springframework.security.config.annotation.authentication.configuration.AuthenticationConfiguration'
2025-08-13T10:26:14.053+02:00 DEBUG 20060 --- [security-service] [           main] o.s.b.f.s.DefaultListableBeanFactory     : Creating shared instance of singleton bean 'authenticationManagerBuilder'
2025-08-13T10:26:14.054+02:00 DEBUG 20060 --- [security-service] [           main] o.s.b.f.s.DefaultListableBeanFactory     : Autowiring by type from bean name 'authenticationManagerBuilder' via factory method to bean named 'objectPostProcessor'
2025-08-13T10:26:14.054+02:00 DEBUG 20060 --- [security-service] [           main] o.s.b.f.s.DefaultListableBeanFactory     : Autowiring by type from bean name 'authenticationManagerBuilder' via factory method to bean named 'org.springframework.web.context.support.GenericWebApplicationContext@6a9287b1'
2025-08-13T10:26:14.056+02:00 DEBUG 20060 --- [security-service] [           main] o.s.b.f.s.DefaultListableBeanFactory     : Creating shared instance of singleton bean 'authenticationEventPublisher'
2025-08-13T10:26:14.056+02:00 DEBUG 20060 --- [security-service] [           main] o.s.b.f.s.DefaultListableBeanFactory     : Creating shared instance of singleton bean 'org.springframework.boot.autoconfigure.security.servlet.SecurityAutoConfiguration'
2025-08-13T10:26:14.058+02:00 DEBUG 20060 --- [security-service] [           main] o.s.b.f.s.DefaultListableBeanFactory     : Autowiring by type from bean name 'authenticationEventPublisher' via factory method to bean named 'org.springframework.web.context.support.GenericWebApplicationContext@6a9287b1'
2025-08-13T10:26:14.108+02:00 DEBUG 20060 --- [security-service] [           main] o.s.b.f.s.DefaultListableBeanFactory     : Creating shared instance of singleton bean 'org.springframework.boot.autoconfigure.security.servlet.SpringBootWebSecurityConfiguration$WebSecurityEnablerConfiguration'
2025-08-13T10:26:14.114+02:00 DEBUG 20060 --- [security-service] [           main] o.s.b.f.s.DefaultListableBeanFactory     : Creating shared instance of singleton bean 'authenticationProvider'
2025-08-13T10:26:14.148+02:00 DEBUG 20060 --- [security-service] [           main] o.s.b.f.s.DefaultListableBeanFactory     : Creating shared instance of singleton bean 'userDetailsService'
2025-08-13T10:26:14.167+02:00  INFO 20060 --- [security-service] [           main] eAuthenticationProviderManagerConfigurer : Global AuthenticationManager configured with AuthenticationProvider bean with name authenticationProvider
2025-08-13T10:26:14.167+02:00  WARN 20060 --- [security-service] [           main] r$InitializeUserDetailsManagerConfigurer : Global AuthenticationManager configured with an AuthenticationProvider bean. UserDetailsService beans will not be used by Spring Security for automatically configuring username/password login. Consider removing the AuthenticationProvider bean. Alternatively, consider using the UserDetailsService in a manually instantiated DaoAuthenticationProvider. If the current configuration is intentional, to turn off this warning, increase the logging level of 'org.springframework.security.config.annotation.authentication.configuration.InitializeUserDetailsBeanManagerConfigurer' to ERROR
2025-08-13T10:26:14.174+02:00 DEBUG 20060 --- [security-service] [           main] o.s.b.f.s.DefaultListableBeanFactory     : Autowiring by type from bean name 'authenticationService2' via constructor to bean named 'passwordEncoder'
2025-08-13T10:26:14.174+02:00 DEBUG 20060 --- [security-service] [           main] o.s.b.f.s.DefaultListableBeanFactory     : Autowiring by type from bean name 'authenticationService2' via constructor to bean named 'jwtService'
2025-08-13T10:26:14.174+02:00 DEBUG 20060 --- [security-service] [           main] o.s.b.f.s.DefaultListableBeanFactory     : Autowiring by type from bean name 'authenticationService2' via constructor to bean named 'authenticationManager'
2025-08-13T10:26:14.177+02:00 DEBUG 20060 --- [security-service] [           main] o.s.b.f.s.DefaultListableBeanFactory     : Creating shared instance of singleton bean 'userDetailsRepository'
2025-08-13T10:26:14.179+02:00 DEBUG 20060 --- [security-service] [           main] o.s.b.f.s.DefaultListableBeanFactory     : Creating shared instance of singleton bean 'jpa.named-queries#13'
2025-08-13T10:26:14.184+02:00 DEBUG 20060 --- [security-service] [           main] o.s.b.f.s.DefaultListableBeanFactory     : Creating shared instance of singleton bean 'jpa.UserDetailsRepository.fragments#0'
2025-08-13T10:26:14.224+02:00 DEBUG 20060 --- [security-service] [           main] o.s.b.f.s.DefaultListableBeanFactory     : Creating shared instance of singleton bean 'organizationRepository'
2025-08-13T10:26:14.227+02:00 DEBUG 20060 --- [security-service] [           main] o.s.b.f.s.DefaultListableBeanFactory     : Creating shared instance of singleton bean 'jpa.named-queries#3'
2025-08-13T10:26:14.230+02:00 DEBUG 20060 --- [security-service] [           main] o.s.b.f.s.DefaultListableBeanFactory     : Creating shared instance of singleton bean 'jpa.OrganizationRepository.fragments#0'
2025-08-13T10:26:14.264+02:00 DEBUG 20060 --- [security-service] [           main] o.s.b.f.s.DefaultListableBeanFactory     : Creating shared instance of singleton bean 'orgRoleRepository'
2025-08-13T10:26:14.270+02:00 DEBUG 20060 --- [security-service] [           main] o.s.b.f.s.DefaultListableBeanFactory     : Creating shared instance of singleton bean 'jpa.named-queries#14'
2025-08-13T10:26:14.273+02:00 DEBUG 20060 --- [security-service] [           main] o.s.b.f.s.DefaultListableBeanFactory     : Creating shared instance of singleton bean 'jpa.OrgRoleRepository.fragments#0'
2025-08-13T10:26:14.359+02:00 DEBUG 20060 --- [security-service] [           main] o.s.b.f.s.DefaultListableBeanFactory     : Autowiring by type from bean name 'authenticationController' via constructor to bean named 'authenticationService2'
2025-08-13T10:26:14.385+02:00 DEBUG 20060 --- [security-service] [           main] o.s.b.f.s.DefaultListableBeanFactory     : Creating shared instance of singleton bean 'configurePipelineController'
2025-08-13T10:26:14.394+02:00 DEBUG 20060 --- [security-service] [           main] o.s.b.f.s.DefaultListableBeanFactory     : Creating shared instance of singleton bean 'pipelineRepository'
2025-08-13T10:26:14.396+02:00 DEBUG 20060 --- [security-service] [           main] o.s.b.f.s.DefaultListableBeanFactory     : Creating shared instance of singleton bean 'jpa.named-queries#18'
2025-08-13T10:26:14.400+02:00 DEBUG 20060 --- [security-service] [           main] o.s.b.f.s.DefaultListableBeanFactory     : Creating shared instance of singleton bean 'jpa.PipelineRepository.fragments#0'
2025-08-13T10:26:14.610+02:00 DEBUG 20060 --- [security-service] [           main] o.s.b.f.s.DefaultListableBeanFactory     : Creating shared instance of singleton bean 'pipelineProcessingElementRequestRepository'
2025-08-13T10:26:14.614+02:00 DEBUG 20060 --- [security-service] [           main] o.s.b.f.s.DefaultListableBeanFactory     : Creating shared instance of singleton bean 'jpa.named-queries#0'
2025-08-13T10:26:14.620+02:00 DEBUG 20060 --- [security-service] [           main] o.s.b.f.s.DefaultListableBeanFactory     : Creating shared instance of singleton bean 'jpa.PipelineProcessingElementRequestRepository.fragments#0'
2025-08-13T10:26:14.764+02:00 DEBUG 20060 --- [security-service] [           main] o.s.b.f.s.DefaultListableBeanFactory     : Creating shared instance of singleton bean 'partnerOrgController'
2025-08-13T10:26:14.766+02:00 DEBUG 20060 --- [security-service] [           main] o.s.b.f.s.DefaultListableBeanFactory     : Creating shared instance of singleton bean 'partnerOrganizationRepository'
2025-08-13T10:26:14.770+02:00 DEBUG 20060 --- [security-service] [           main] o.s.b.f.s.DefaultListableBeanFactory     : Creating shared instance of singleton bean 'jpa.named-queries#2'
2025-08-13T10:26:14.775+02:00 DEBUG 20060 --- [security-service] [           main] o.s.b.f.s.DefaultListableBeanFactory     : Creating shared instance of singleton bean 'jpa.PartnerOrganizationRepository.fragments#0'
2025-08-13T10:26:14.830+02:00 DEBUG 20060 --- [security-service] [           main] o.s.b.f.s.DefaultListableBeanFactory     : Creating shared instance of singleton bean 'PEResponseController'
2025-08-13T10:26:14.834+02:00 DEBUG 20060 --- [security-service] [           main] o.s.b.f.s.DefaultListableBeanFactory     : Creating shared instance of singleton bean 'tokenService'
2025-08-13T10:26:14.849+02:00 DEBUG 20060 --- [security-service] [           main] o.s.b.f.s.DefaultListableBeanFactory     : Creating shared instance of singleton bean 'orgARequestService'
2025-08-13T10:26:14.927+02:00 DEBUG 20060 --- [security-service] [           main] o.s.b.f.s.DefaultListableBeanFactory     : Creating shared instance of singleton bean 'PETemplateController'
2025-08-13T10:26:14.934+02:00 DEBUG 20060 --- [security-service] [           main] o.s.b.f.s.DefaultListableBeanFactory     : Creating shared instance of singleton bean 'processingElementRepository'
2025-08-13T10:26:14.935+02:00 DEBUG 20060 --- [security-service] [           main] o.s.b.f.s.DefaultListableBeanFactory     : Creating shared instance of singleton bean 'jpa.named-queries#5'
2025-08-13T10:26:14.938+02:00 DEBUG 20060 --- [security-service] [           main] o.s.b.f.s.DefaultListableBeanFactory     : Creating shared instance of singleton bean 'jpa.ProcessingElementRepository.fragments#0'
2025-08-13T10:26:14.982+02:00 DEBUG 20060 --- [security-service] [           main] o.s.b.f.s.DefaultListableBeanFactory     : Creating shared instance of singleton bean 'pipelineDesignController'
2025-08-13T10:26:14.985+02:00 DEBUG 20060 --- [security-service] [           main] o.s.b.f.s.DefaultListableBeanFactory     : Creating shared instance of singleton bean 'pipelineDesignService'
2025-08-13T10:26:14.988+02:00 DEBUG 20060 --- [security-service] [           main] o.s.b.f.s.DefaultListableBeanFactory     : Creating shared instance of singleton bean 'jacksonObjectMapper'
2025-08-13T10:26:14.989+02:00 DEBUG 20060 --- [security-service] [           main] o.s.b.f.s.DefaultListableBeanFactory     : Creating shared instance of singleton bean 'org.springframework.boot.autoconfigure.jackson.JacksonAutoConfiguration$JacksonObjectMapperConfiguration'
2025-08-13T10:26:14.995+02:00 DEBUG 20060 --- [security-service] [           main] o.s.b.f.s.DefaultListableBeanFactory     : Creating shared instance of singleton bean 'org.springframework.boot.autoconfigure.jackson.JacksonAutoConfiguration$JacksonObjectMapperBuilderConfiguration'
2025-08-13T10:26:14.999+02:00 DEBUG 20060 --- [security-service] [           main] o.s.b.f.s.DefaultListableBeanFactory     : Creating shared instance of singleton bean 'standardJacksonObjectMapperBuilderCustomizer'
2025-08-13T10:26:14.999+02:00 DEBUG 20060 --- [security-service] [           main] o.s.b.f.s.DefaultListableBeanFactory     : Creating shared instance of singleton bean 'org.springframework.boot.autoconfigure.jackson.JacksonAutoConfiguration$Jackson2ObjectMapperBuilderCustomizerConfiguration'
2025-08-13T10:26:15.003+02:00 DEBUG 20060 --- [security-service] [           main] o.s.b.f.s.DefaultListableBeanFactory     : Creating shared instance of singleton bean 'spring.jackson-org.springframework.boot.autoconfigure.jackson.JacksonProperties'
2025-08-13T10:26:15.011+02:00 DEBUG 20060 --- [security-service] [           main] o.s.b.f.s.DefaultListableBeanFactory     : Autowiring by type from bean name 'standardJacksonObjectMapperBuilderCustomizer' via factory method to bean named 'spring.jackson-org.springframework.boot.autoconfigure.jackson.JacksonProperties'
2025-08-13T10:26:15.013+02:00 DEBUG 20060 --- [security-service] [           main] o.s.b.f.s.DefaultListableBeanFactory     : Creating shared instance of singleton bean 'parameterNamesModule'
2025-08-13T10:26:15.014+02:00 DEBUG 20060 --- [security-service] [           main] o.s.b.f.s.DefaultListableBeanFactory     : Creating shared instance of singleton bean 'org.springframework.boot.autoconfigure.jackson.JacksonAutoConfiguration$ParameterNamesModuleConfiguration'
2025-08-13T10:26:15.028+02:00 DEBUG 20060 --- [security-service] [           main] o.s.b.f.s.DefaultListableBeanFactory     : Creating shared instance of singleton bean 'jsonMixinModule'
2025-08-13T10:26:15.028+02:00 DEBUG 20060 --- [security-service] [           main] o.s.b.f.s.DefaultListableBeanFactory     : Creating shared instance of singleton bean 'org.springframework.boot.autoconfigure.jackson.JacksonAutoConfiguration$JacksonMixinConfiguration'
2025-08-13T10:26:15.032+02:00 DEBUG 20060 --- [security-service] [           main] o.s.b.f.s.DefaultListableBeanFactory     : Creating shared instance of singleton bean 'jsonMixinModuleEntries'
2025-08-13T10:26:15.032+02:00 DEBUG 20060 --- [security-service] [           main] o.s.b.f.s.DefaultListableBeanFactory     : Autowiring by type from bean name 'jsonMixinModuleEntries' via factory method to bean named 'org.springframework.web.context.support.GenericWebApplicationContext@6a9287b1'
2025-08-13T10:26:15.057+02:00 DEBUG 20060 --- [security-service] [           main] o.s.b.f.s.DefaultListableBeanFactory     : Autowiring by type from bean name 'jsonMixinModule' via factory method to bean named 'org.springframework.web.context.support.GenericWebApplicationContext@6a9287b1'
2025-08-13T10:26:15.058+02:00 DEBUG 20060 --- [security-service] [           main] o.s.b.f.s.DefaultListableBeanFactory     : Autowiring by type from bean name 'jsonMixinModule' via factory method to bean named 'jsonMixinModuleEntries'
2025-08-13T10:26:15.063+02:00 DEBUG 20060 --- [security-service] [           main] o.s.b.f.s.DefaultListableBeanFactory     : Creating shared instance of singleton bean 'jsonComponentModule'
2025-08-13T10:26:15.064+02:00 DEBUG 20060 --- [security-service] [           main] o.s.b.f.s.DefaultListableBeanFactory     : Creating shared instance of singleton bean 'org.springframework.boot.autoconfigure.jackson.JacksonAutoConfiguration'
2025-08-13T10:26:15.085+02:00 DEBUG 20060 --- [security-service] [           main] o.s.b.f.s.DefaultListableBeanFactory     : Creating shared instance of singleton bean 'jacksonGeoModule'
2025-08-13T10:26:15.086+02:00 DEBUG 20060 --- [security-service] [           main] o.s.b.f.s.DefaultListableBeanFactory     : Creating shared instance of singleton bean 'org.springframework.data.web.config.SpringDataJacksonConfiguration'
2025-08-13T10:26:15.090+02:00 DEBUG 20060 --- [security-service] [           main] o.s.b.f.s.DefaultListableBeanFactory     : Creating shared instance of singleton bean 'springDataWebSettings'
2025-08-13T10:26:15.091+02:00 DEBUG 20060 --- [security-service] [           main] o.s.b.f.s.DefaultListableBeanFactory     : Creating shared instance of singleton bean 'org.springframework.boot.autoconfigure.data.web.SpringDataWebAutoConfiguration'
2025-08-13T10:26:15.098+02:00 DEBUG 20060 --- [security-service] [           main] o.s.b.f.s.DefaultListableBeanFactory     : Creating shared instance of singleton bean 'spring.data.web-org.springframework.boot.autoconfigure.data.web.SpringDataWebProperties'
2025-08-13T10:26:15.110+02:00 DEBUG 20060 --- [security-service] [           main] o.s.b.f.s.DefaultListableBeanFactory     : Autowiring by type from bean name 'org.springframework.boot.autoconfigure.data.web.SpringDataWebAutoConfiguration' via constructor to bean named 'spring.data.web-org.springframework.boot.autoconfigure.data.web.SpringDataWebProperties'
2025-08-13T10:26:15.150+02:00 DEBUG 20060 --- [security-service] [           main] o.s.b.f.s.DefaultListableBeanFactory     : Creating shared instance of singleton bean 'pageModule'
2025-08-13T10:26:15.162+02:00 DEBUG 20060 --- [security-service] [           main] o.s.b.f.s.DefaultListableBeanFactory     : Autowiring by type from bean name 'jacksonObjectMapperBuilder' via factory method to bean named 'org.springframework.web.context.support.GenericWebApplicationContext@6a9287b1'
2025-08-13T10:26:15.162+02:00 DEBUG 20060 --- [security-service] [           main] o.s.b.f.s.DefaultListableBeanFactory     : Autowiring by type from bean name 'jacksonObjectMapperBuilder' via factory method to bean named 'standardJacksonObjectMapperBuilderCustomizer'
2025-08-13T10:26:15.174+02:00 DEBUG 20060 --- [security-service] [           main] o.s.b.f.s.DefaultListableBeanFactory     : Autowiring by type from bean name 'jacksonObjectMapper' via factory method to bean named 'jacksonObjectMapperBuilder'
2025-08-13T10:26:15.252+02:00 DEBUG 20060 --- [security-service] [           main] o.s.b.f.s.DefaultListableBeanFactory     : Creating shared instance of singleton bean 'projectRepository'
2025-08-13T10:26:15.256+02:00 DEBUG 20060 --- [security-service] [           main] o.s.b.f.s.DefaultListableBeanFactory     : Creating shared instance of singleton bean 'jpa.named-queries#9'
2025-08-13T10:26:15.273+02:00 DEBUG 20060 --- [security-service] [           main] o.s.b.f.s.DefaultListableBeanFactory     : Creating shared instance of singleton bean 'jpa.ProjectRepository.fragments#0'
2025-08-13T10:26:15.350+02:00 DEBUG 20060 --- [security-service] [           main] o.s.b.f.s.DefaultListableBeanFactory     : Creating shared instance of singleton bean 'projectCollaborationRepository'
2025-08-13T10:26:15.353+02:00 DEBUG 20060 --- [security-service] [           main] o.s.b.f.s.DefaultListableBeanFactory     : Creating shared instance of singleton bean 'jpa.named-queries#1'
2025-08-13T10:26:15.358+02:00 DEBUG 20060 --- [security-service] [           main] o.s.b.f.s.DefaultListableBeanFactory     : Creating shared instance of singleton bean 'jpa.ProjectCollaborationRepository.fragments#0'
2025-08-13T10:26:15.396+02:00 DEBUG 20060 --- [security-service] [           main] o.s.b.f.s.DefaultListableBeanFactory     : Creating shared instance of singleton bean 'visiblePeClient'
2025-08-13T10:26:15.396+02:00 DEBUG 20060 --- [security-service] [           main] o.s.b.f.s.DefaultListableBeanFactory     : Autowiring by type from bean name 'visiblePeClient' via constructor to bean named 'tokenService'
2025-08-13T10:26:15.405+02:00 DEBUG 20060 --- [security-service] [           main] o.s.b.f.s.DefaultListableBeanFactory     : Autowiring by type from bean name 'pipelineDesignService' via constructor to bean named 'pipelineRepository'
2025-08-13T10:26:15.406+02:00 DEBUG 20060 --- [security-service] [           main] o.s.b.f.s.DefaultListableBeanFactory     : Autowiring by type from bean name 'pipelineDesignService' via constructor to bean named 'organizationRepository'
2025-08-13T10:26:15.406+02:00 DEBUG 20060 --- [security-service] [           main] o.s.b.f.s.DefaultListableBeanFactory     : Autowiring by type from bean name 'pipelineDesignService' via constructor to bean named 'userRepository'
2025-08-13T10:26:15.407+02:00 DEBUG 20060 --- [security-service] [           main] o.s.b.f.s.DefaultListableBeanFactory     : Autowiring by type from bean name 'pipelineDesignService' via constructor to bean named 'processingElementRepository'
2025-08-13T10:26:15.407+02:00 DEBUG 20060 --- [security-service] [           main] o.s.b.f.s.DefaultListableBeanFactory     : Autowiring by type from bean name 'pipelineDesignService' via constructor to bean named 'jacksonObjectMapper'
2025-08-13T10:26:15.407+02:00 DEBUG 20060 --- [security-service] [           main] o.s.b.f.s.DefaultListableBeanFactory     : Autowiring by type from bean name 'pipelineDesignService' via constructor to bean named 'partnerOrganizationRepository'
2025-08-13T10:26:15.407+02:00 DEBUG 20060 --- [security-service] [           main] o.s.b.f.s.DefaultListableBeanFactory     : Autowiring by type from bean name 'pipelineDesignService' via constructor to bean named 'projectRepository'
2025-08-13T10:26:15.407+02:00 DEBUG 20060 --- [security-service] [           main] o.s.b.f.s.DefaultListableBeanFactory     : Autowiring by type from bean name 'pipelineDesignService' via constructor to bean named 'projectCollaborationRepository'
2025-08-13T10:26:15.407+02:00 DEBUG 20060 --- [security-service] [           main] o.s.b.f.s.DefaultListableBeanFactory     : Autowiring by type from bean name 'pipelineDesignService' via constructor to bean named 'visiblePeClient'
2025-08-13T10:26:15.424+02:00 DEBUG 20060 --- [security-service] [           main] o.s.b.f.s.DefaultListableBeanFactory     : Autowiring by type from bean name 'pipelineDesignController' via constructor to bean named 'pipelineDesignService'
2025-08-13T10:26:15.444+02:00 DEBUG 20060 --- [security-service] [           main] o.s.b.f.s.DefaultListableBeanFactory     : Creating shared instance of singleton bean 'projectCollaborationController'
2025-08-13T10:26:15.448+02:00 DEBUG 20060 --- [security-service] [           main] o.s.b.f.s.DefaultListableBeanFactory     : Creating shared instance of singleton bean 'projectController'
2025-08-13T10:26:15.454+02:00 DEBUG 20060 --- [security-service] [           main] o.s.b.f.s.DefaultListableBeanFactory     : Creating shared instance of singleton bean 'projectsRolesRepository'
2025-08-13T10:26:15.456+02:00 DEBUG 20060 --- [security-service] [           main] o.s.b.f.s.DefaultListableBeanFactory     : Creating shared instance of singleton bean 'jpa.named-queries#11'
2025-08-13T10:26:15.458+02:00 DEBUG 20060 --- [security-service] [           main] o.s.b.f.s.DefaultListableBeanFactory     : Creating shared instance of singleton bean 'jpa.ProjectsRolesRepository.fragments#0'
2025-08-13T10:26:15.517+02:00 DEBUG 20060 --- [security-service] [           main] o.s.b.f.s.DefaultListableBeanFactory     : Creating shared instance of singleton bean 'projectPermissionController'
2025-08-13T10:26:15.520+02:00 DEBUG 20060 --- [security-service] [           main] o.s.b.f.s.DefaultListableBeanFactory     : Creating shared instance of singleton bean 'projPermissionRepository'
2025-08-13T10:26:15.522+02:00 DEBUG 20060 --- [security-service] [           main] o.s.b.f.s.DefaultListableBeanFactory     : Creating shared instance of singleton bean 'jpa.named-queries#10'
2025-08-13T10:26:15.524+02:00 DEBUG 20060 --- [security-service] [           main] o.s.b.f.s.DefaultListableBeanFactory     : Creating shared instance of singleton bean 'jpa.ProjPermissionRepository.fragments#0'
2025-08-13T10:26:15.562+02:00 DEBUG 20060 --- [security-service] [           main] o.s.b.f.s.DefaultListableBeanFactory     : Creating shared instance of singleton bean 'projectRolePermissionController'
2025-08-13T10:26:15.566+02:00 DEBUG 20060 --- [security-service] [           main] o.s.b.f.s.DefaultListableBeanFactory     : Autowiring by type from bean name 'projectRolePermissionController' via constructor to bean named 'projectRolePermissionRepository'
2025-08-13T10:26:15.566+02:00 DEBUG 20060 --- [security-service] [           main] o.s.b.f.s.DefaultListableBeanFactory     : Autowiring by type from bean name 'projectRolePermissionController' via constructor to bean named 'projectRepository'
2025-08-13T10:26:15.566+02:00 DEBUG 20060 --- [security-service] [           main] o.s.b.f.s.DefaultListableBeanFactory     : Autowiring by type from bean name 'projectRolePermissionController' via constructor to bean named 'projectsRolesRepository'
2025-08-13T10:26:15.566+02:00 DEBUG 20060 --- [security-service] [           main] o.s.b.f.s.DefaultListableBeanFactory     : Autowiring by type from bean name 'projectRolePermissionController' via constructor to bean named 'projPermissionRepository'
2025-08-13T10:26:15.583+02:00 DEBUG 20060 --- [security-service] [           main] o.s.b.f.s.DefaultListableBeanFactory     : Creating shared instance of singleton bean 'publicKeyTestController'
2025-08-13T10:26:15.584+02:00 DEBUG 20060 --- [security-service] [           main] o.s.b.f.s.DefaultListableBeanFactory     : Creating shared instance of singleton bean 'publicKeysService'
2025-08-13T10:26:15.588+02:00 DEBUG 20060 --- [security-service] [           main] o.s.b.f.s.DefaultListableBeanFactory     : Autowiring by type from bean name 'publicKeysService' via constructor to bean named 'organizationKeysConfig'
2025-08-13T10:26:15.596+02:00 DEBUG 20060 --- [security-service] [           main] o.s.b.f.s.DefaultListableBeanFactory     : Autowiring by type from bean name 'publicKeyTestController' via constructor to bean named 'publicKeysService'
2025-08-13T10:26:15.599+02:00 DEBUG 20060 --- [security-service] [           main] o.s.b.f.s.DefaultListableBeanFactory     : Creating shared instance of singleton bean 'userRoleAssigmnetController'
2025-08-13T10:26:15.623+02:00 DEBUG 20060 --- [security-service] [           main] o.s.b.f.s.DefaultListableBeanFactory     : Creating shared instance of singleton bean 'handshakeController'
2025-08-13T10:26:15.626+02:00 DEBUG 20060 --- [security-service] [           main] o.s.b.f.s.DefaultListableBeanFactory     : Creating shared instance of singleton bean 'tokenVerificationService'
2025-08-13T10:26:15.631+02:00 DEBUG 20060 --- [security-service] [           main] o.s.b.f.s.DefaultListableBeanFactory     : Autowiring by type from bean name 'handshakeController' via constructor to bean named 'tokenService'
2025-08-13T10:26:15.631+02:00 DEBUG 20060 --- [security-service] [           main] o.s.b.f.s.DefaultListableBeanFactory     : Autowiring by type from bean name 'handshakeController' via constructor to bean named 'tokenVerificationService'
2025-08-13T10:26:15.631+02:00 DEBUG 20060 --- [security-service] [           main] o.s.b.f.s.DefaultListableBeanFactory     : Autowiring by type from bean name 'handshakeController' via constructor to bean named 'processingElementRepository'
2025-08-13T10:26:15.635+02:00 DEBUG 20060 --- [security-service] [           main] o.s.b.f.s.DefaultListableBeanFactory     : Creating shared instance of singleton bean 'visibleProcessingElementController'
2025-08-13T10:26:15.639+02:00 DEBUG 20060 --- [security-service] [           main] o.s.b.f.s.DefaultListableBeanFactory     : Creating shared instance of singleton bean 'pipelineProcessingElementPeerController'
2025-08-13T10:26:15.654+02:00 DEBUG 20060 --- [security-service] [           main] o.s.b.f.s.DefaultListableBeanFactory     : Creating shared instance of singleton bean 'pipelineProcessingElementRequestClientController'
2025-08-13T10:26:15.657+02:00 DEBUG 20060 --- [security-service] [           main] o.s.b.f.s.DefaultListableBeanFactory     : Creating shared instance of singleton bean 'orgBRequestService'
2025-08-13T10:26:15.676+02:00 DEBUG 20060 --- [security-service] [           main] o.s.b.f.s.DefaultListableBeanFactory     : Creating shared instance of singleton bean 'globalExceptionHandler'
2025-08-13T10:26:15.689+02:00 DEBUG 20060 --- [security-service] [           main] o.s.b.f.s.DefaultListableBeanFactory     : Creating shared instance of singleton bean 'databaseInitializer'
2025-08-13T10:26:15.692+02:00 DEBUG 20060 --- [security-service] [           main] o.s.b.f.s.DefaultListableBeanFactory     : Creating shared instance of singleton bean 'permissionRepository'
2025-08-13T10:26:15.694+02:00 DEBUG 20060 --- [security-service] [           main] o.s.b.f.s.DefaultListableBeanFactory     : Creating shared instance of singleton bean 'jpa.named-queries#8'
2025-08-13T10:26:15.697+02:00 DEBUG 20060 --- [security-service] [           main] o.s.b.f.s.DefaultListableBeanFactory     : Creating shared instance of singleton bean 'jpa.PermissionRepository.fragments#0'
2025-08-13T10:26:15.746+02:00 DEBUG 20060 --- [security-service] [           main] o.s.b.f.s.DefaultListableBeanFactory     : Creating shared instance of singleton bean 'roleRepository'
2025-08-13T10:26:15.748+02:00 DEBUG 20060 --- [security-service] [           main] o.s.b.f.s.DefaultListableBeanFactory     : Creating shared instance of singleton bean 'jpa.named-queries#16'
2025-08-13T10:26:15.756+02:00 DEBUG 20060 --- [security-service] [           main] o.s.b.f.s.DefaultListableBeanFactory     : Creating shared instance of singleton bean 'jpa.RoleRepository.fragments#0'
2025-08-13T10:26:15.808+02:00 DEBUG 20060 --- [security-service] [           main] o.s.b.f.s.DefaultListableBeanFactory     : Creating shared instance of singleton bean 'pipelineAccessEvaluator'
2025-08-13T10:26:15.812+02:00 DEBUG 20060 --- [security-service] [           main] o.s.b.f.s.DefaultListableBeanFactory     : Creating shared instance of singleton bean '_prePostMethodSecurityConfiguration'
2025-08-13T10:26:15.816+02:00 DEBUG 20060 --- [security-service] [           main] o.s.b.f.s.DefaultListableBeanFactory     : Creating shared instance of singleton bean 'methodAuthorizationManagerPostProcessor'
2025-08-13T10:26:15.824+02:00 DEBUG 20060 --- [security-service] [           main] o.s.b.f.s.DefaultListableBeanFactory     : Creating shared instance of singleton bean 'observationRegistry'
2025-08-13T10:26:15.824+02:00 DEBUG 20060 --- [security-service] [           main] o.s.b.f.s.DefaultListableBeanFactory     : Creating shared instance of singleton bean 'org.springframework.boot.actuate.autoconfigure.observation.ObservationAutoConfiguration'
2025-08-13T10:26:15.833+02:00 DEBUG 20060 --- [security-service] [           main] o.s.b.f.s.DefaultListableBeanFactory     : Creating shared instance of singleton bean 'propertiesObservationFilter'
2025-08-13T10:26:15.835+02:00 DEBUG 20060 --- [security-service] [           main] o.s.b.f.s.DefaultListableBeanFactory     : Creating shared instance of singleton bean 'management.observations-org.springframework.boot.actuate.autoconfigure.observation.ObservationProperties'
2025-08-13T10:26:15.843+02:00 DEBUG 20060 --- [security-service] [           main] o.s.b.f.s.DefaultListableBeanFactory     : Autowiring by type from bean name 'propertiesObservationFilter' via factory method to bean named 'management.observations-org.springframework.boot.actuate.autoconfigure.observation.ObservationProperties'
2025-08-13T10:26:15.862+02:00 DEBUG 20060 --- [security-service] [           main] o.s.b.f.s.DefaultListableBeanFactory     : Creating shared instance of singleton bean 'metricsObservationHandlerGrouping'
2025-08-13T10:26:15.862+02:00 DEBUG 20060 --- [security-service] [           main] o.s.b.f.s.DefaultListableBeanFactory     : Creating shared instance of singleton bean 'org.springframework.boot.actuate.autoconfigure.observation.ObservationAutoConfiguration$OnlyMetricsConfiguration'
2025-08-13T10:26:15.872+02:00 DEBUG 20060 --- [security-service] [           main] o.s.b.f.s.DefaultListableBeanFactory     : Creating shared instance of singleton bean 'defaultMeterObservationHandler'
2025-08-13T10:26:15.872+02:00 DEBUG 20060 --- [security-service] [           main] o.s.b.f.s.DefaultListableBeanFactory     : Creating shared instance of singleton bean 'org.springframework.boot.actuate.autoconfigure.observation.ObservationAutoConfiguration$MeterObservationHandlerConfiguration$OnlyMetricsMeterObservationHandlerConfiguration'
2025-08-13T10:26:15.875+02:00 DEBUG 20060 --- [security-service] [           main] o.s.b.f.s.DefaultListableBeanFactory     : Creating shared instance of singleton bean 'simpleMeterRegistry'
2025-08-13T10:26:15.876+02:00 DEBUG 20060 --- [security-service] [           main] o.s.b.f.s.DefaultListableBeanFactory     : Creating shared instance of singleton bean 'org.springframework.boot.actuate.autoconfigure.metrics.export.simple.SimpleMetricsExportAutoConfiguration'
2025-08-13T10:26:15.880+02:00 DEBUG 20060 --- [security-service] [           main] o.s.b.f.s.DefaultListableBeanFactory     : Creating shared instance of singleton bean 'simpleConfig'
2025-08-13T10:26:15.881+02:00 DEBUG 20060 --- [security-service] [           main] o.s.b.f.s.DefaultListableBeanFactory     : Creating shared instance of singleton bean 'management.simple.metrics.export-org.springframework.boot.actuate.autoconfigure.metrics.export.simple.SimpleProperties'
2025-08-13T10:26:15.887+02:00 DEBUG 20060 --- [security-service] [           main] o.s.b.f.s.DefaultListableBeanFactory     : Autowiring by type from bean name 'simpleConfig' via factory method to bean named 'management.simple.metrics.export-org.springframework.boot.actuate.autoconfigure.metrics.export.simple.SimpleProperties'
2025-08-13T10:26:15.912+02:00 DEBUG 20060 --- [security-service] [           main] o.s.b.f.s.DefaultListableBeanFactory     : Creating shared instance of singleton bean 'micrometerClock'
2025-08-13T10:26:15.913+02:00 DEBUG 20060 --- [security-service] [           main] o.s.b.f.s.DefaultListableBeanFactory     : Creating shared instance of singleton bean 'org.springframework.boot.actuate.autoconfigure.metrics.MetricsAutoConfiguration'
2025-08-13T10:26:15.920+02:00 DEBUG 20060 --- [security-service] [           main] o.s.b.f.s.DefaultListableBeanFactory     : Autowiring by type from bean name 'simpleMeterRegistry' via factory method to bean named 'simpleConfig'
2025-08-13T10:26:15.921+02:00 DEBUG 20060 --- [security-service] [           main] o.s.b.f.s.DefaultListableBeanFactory     : Autowiring by type from bean name 'simpleMeterRegistry' via factory method to bean named 'micrometerClock'
2025-08-13T10:26:16.002+02:00 DEBUG 20060 --- [security-service] [           main] o.s.b.f.s.DefaultListableBeanFactory     : Creating shared instance of singleton bean 'propertiesMeterFilter'
2025-08-13T10:26:16.003+02:00 DEBUG 20060 --- [security-service] [           main] o.s.b.f.s.DefaultListableBeanFactory     : Autowiring by type from bean name 'propertiesMeterFilter' via factory method to bean named 'management.metrics-org.springframework.boot.actuate.autoconfigure.metrics.MetricsProperties'
2025-08-13T10:26:16.011+02:00 DEBUG 20060 --- [security-service] [           main] o.s.b.f.s.DefaultListableBeanFactory     : Creating shared instance of singleton bean 'metricsHttpClientUriTagFilter'
2025-08-13T10:26:16.012+02:00 DEBUG 20060 --- [security-service] [           main] o.s.b.f.s.DefaultListableBeanFactory     : Creating shared instance of singleton bean 'org.springframework.boot.actuate.autoconfigure.observation.web.client.HttpClientObservationsAutoConfiguration$MeterFilterConfiguration'
2025-08-13T10:26:16.017+02:00 DEBUG 20060 --- [security-service] [           main] o.s.b.f.s.DefaultListableBeanFactory     : Autowiring by type from bean name 'metricsHttpClientUriTagFilter' via factory method to bean named 'management.observations-org.springframework.boot.actuate.autoconfigure.observation.ObservationProperties'
2025-08-13T10:26:16.018+02:00 DEBUG 20060 --- [security-service] [           main] o.s.b.f.s.DefaultListableBeanFactory     : Autowiring by type from bean name 'metricsHttpClientUriTagFilter' via factory method to bean named 'management.metrics-org.springframework.boot.actuate.autoconfigure.metrics.MetricsProperties'
2025-08-13T10:26:16.026+02:00 DEBUG 20060 --- [security-service] [           main] o.s.b.f.s.DefaultListableBeanFactory     : Creating shared instance of singleton bean 'metricsHttpServerUriTagFilter'
2025-08-13T10:26:16.027+02:00 DEBUG 20060 --- [security-service] [           main] o.s.b.f.s.DefaultListableBeanFactory     : Creating shared instance of singleton bean 'org.springframework.boot.actuate.autoconfigure.observation.web.servlet.WebMvcObservationAutoConfiguration$MeterFilterConfiguration'
2025-08-13T10:26:16.030+02:00 DEBUG 20060 --- [security-service] [           main] o.s.b.f.s.DefaultListableBeanFactory     : Autowiring by type from bean name 'metricsHttpServerUriTagFilter' via factory method to bean named 'management.observations-org.springframework.boot.actuate.autoconfigure.observation.ObservationProperties'
2025-08-13T10:26:16.031+02:00 DEBUG 20060 --- [security-service] [           main] o.s.b.f.s.DefaultListableBeanFactory     : Autowiring by type from bean name 'metricsHttpServerUriTagFilter' via factory method to bean named 'management.metrics-org.springframework.boot.actuate.autoconfigure.metrics.MetricsProperties'
2025-08-13T10:26:16.043+02:00 DEBUG 20060 --- [security-service] [           main] o.s.b.f.s.DefaultListableBeanFactory     : Autowiring by type from bean name 'defaultMeterObservationHandler' via factory method to bean named 'simpleMeterRegistry'
2025-08-13T10:26:16.043+02:00 DEBUG 20060 --- [security-service] [           main] o.s.b.f.s.DefaultListableBeanFactory     : Autowiring by type from bean name 'defaultMeterObservationHandler' via factory method to bean named 'management.observations-org.springframework.boot.actuate.autoconfigure.observation.ObservationProperties'
2025-08-13T10:26:16.062+02:00 DEBUG 20060 --- [security-service] [           main] o.s.b.f.s.DefaultListableBeanFactory     : Creating shared instance of singleton bean 'methodResultAuthorizationManagerPostProcessor'
2025-08-13T10:26:16.075+02:00 DEBUG 20060 --- [security-service] [           main] o.s.b.f.s.DefaultListableBeanFactory     : Creating shared instance of singleton bean 'prePostAuthorizeExpressionHintsRegistrar'
2025-08-13T10:26:16.080+02:00 DEBUG 20060 --- [security-service] [           main] o.s.b.f.s.DefaultListableBeanFactory     : Creating shared instance of singleton bean 'org.springframework.security.config.annotation.method.configuration.AuthorizationProxyConfiguration'
2025-08-13T10:26:16.081+02:00 DEBUG 20060 --- [security-service] [           main] o.s.b.f.s.DefaultListableBeanFactory     : Creating shared instance of singleton bean 'authorizeReturnObjectHintsRegistrar'
2025-08-13T10:26:16.082+02:00 DEBUG 20060 --- [security-service] [           main] o.s.b.f.s.DefaultListableBeanFactory     : Autowiring by type from bean name 'authorizeReturnObjectHintsRegistrar' via factory method to bean named 'authorizationProxyFactory'
2025-08-13T10:26:16.086+02:00 DEBUG 20060 --- [security-service] [           main] o.s.b.f.s.DefaultListableBeanFactory     : Creating shared instance of singleton bean 'org.springframework.security.config.annotation.method.configuration.MethodObservationConfiguration'
2025-08-13T10:26:16.087+02:00 DEBUG 20060 --- [security-service] [           main] o.s.b.f.s.DefaultListableBeanFactory     : Creating shared instance of singleton bean 'securityFilterChain'
2025-08-13T10:26:16.089+02:00 DEBUG 20060 --- [security-service] [           main] o.s.b.f.s.DefaultListableBeanFactory     : Creating shared instance of singleton bean 'org.springframework.security.config.annotation.web.configuration.HttpSecurityConfiguration'
2025-08-13T10:26:16.098+02:00 DEBUG 20060 --- [security-service] [           main] o.s.b.f.s.DefaultListableBeanFactory     : Creating shared instance of singleton bean 'mvcContentNegotiationManager'
2025-08-13T10:26:16.098+02:00 DEBUG 20060 --- [security-service] [           main] o.s.b.f.s.DefaultListableBeanFactory     : Creating shared instance of singleton bean 'org.springframework.boot.autoconfigure.web.servlet.WebMvcAutoConfiguration$EnableWebMvcConfiguration'
2025-08-13T10:26:16.100+02:00 DEBUG 20060 --- [security-service] [           main] o.s.b.f.s.DefaultListableBeanFactory     : Creating shared instance of singleton bean 'spring.mvc-org.springframework.boot.autoconfigure.web.servlet.WebMvcProperties'
2025-08-13T10:26:16.110+02:00 DEBUG 20060 --- [security-service] [           main] o.s.b.f.s.DefaultListableBeanFactory     : Creating shared instance of singleton bean 'spring.web-org.springframework.boot.autoconfigure.web.WebProperties'
2025-08-13T10:26:16.123+02:00 DEBUG 20060 --- [security-service] [           main] o.s.b.f.s.DefaultListableBeanFactory     : Autowiring by type from bean name 'org.springframework.boot.autoconfigure.web.servlet.WebMvcAutoConfiguration$EnableWebMvcConfiguration' via constructor to bean named 'spring.mvc-org.springframework.boot.autoconfigure.web.servlet.WebMvcProperties'
2025-08-13T10:26:16.123+02:00 DEBUG 20060 --- [security-service] [           main] o.s.b.f.s.DefaultListableBeanFactory     : Autowiring by type from bean name 'org.springframework.boot.autoconfigure.web.servlet.WebMvcAutoConfiguration$EnableWebMvcConfiguration' via constructor to bean named 'spring.web-org.springframework.boot.autoconfigure.web.WebProperties'
2025-08-13T10:26:16.123+02:00 DEBUG 20060 --- [security-service] [           main] o.s.b.f.s.DefaultListableBeanFactory     : Autowiring by type from bean name 'org.springframework.boot.autoconfigure.web.servlet.WebMvcAutoConfiguration$EnableWebMvcConfiguration' via constructor to bean named 'org.springframework.beans.factory.support.DefaultListableBeanFactory@417d6615'
2025-08-13T10:26:16.139+02:00 DEBUG 20060 --- [security-service] [           main] o.s.b.f.s.DefaultListableBeanFactory     : Creating shared instance of singleton bean 'org.springframework.boot.autoconfigure.web.servlet.WebMvcAutoConfiguration$WebMvcAutoConfigurationAdapter'
2025-08-13T10:26:16.140+02:00 DEBUG 20060 --- [security-service] [           main] o.s.b.f.s.DefaultListableBeanFactory     : Autowiring by type from bean name 'org.springframework.boot.autoconfigure.web.servlet.WebMvcAutoConfiguration$WebMvcAutoConfigurationAdapter' via constructor to bean named 'spring.web-org.springframework.boot.autoconfigure.web.WebProperties'
2025-08-13T10:26:16.141+02:00 DEBUG 20060 --- [security-service] [           main] o.s.b.f.s.DefaultListableBeanFactory     : Autowiring by type from bean name 'org.springframework.boot.autoconfigure.web.servlet.WebMvcAutoConfiguration$WebMvcAutoConfigurationAdapter' via constructor to bean named 'spring.mvc-org.springframework.boot.autoconfigure.web.servlet.WebMvcProperties'
2025-08-13T10:26:16.141+02:00 DEBUG 20060 --- [security-service] [           main] o.s.b.f.s.DefaultListableBeanFactory     : Autowiring by type from bean name 'org.springframework.boot.autoconfigure.web.servlet.WebMvcAutoConfiguration$WebMvcAutoConfigurationAdapter' via constructor to bean named 'org.springframework.beans.factory.support.DefaultListableBeanFactory@417d6615'
2025-08-13T10:26:16.144+02:00 DEBUG 20060 --- [security-service] [           main] o.s.b.f.s.DefaultListableBeanFactory     : Creating shared instance of singleton bean 'resourceHandlerRegistrationCustomizer'
2025-08-13T10:26:16.144+02:00 DEBUG 20060 --- [security-service] [           main] o.s.b.f.s.DefaultListableBeanFactory     : Creating shared instance of singleton bean 'org.springframework.boot.autoconfigure.web.servlet.WebMvcAutoConfiguration$ResourceChainCustomizerConfiguration'
[...]
2025-08-13T10:26:19.392+02:00 DEBUG 20060 --- [security-service] [           main] o.s.b.f.s.DefaultListableBeanFactory     : Creating shared instance of singleton bean 'org.springframework.boot.autoconfigure.transaction.TransactionAutoConfiguration$EnableTransactionManagementConfiguration$CglibAutoProxyConfiguration'
2025-08-13T10:26:19.393+02:00 DEBUG 20060 --- [security-service] [           main] o.s.b.f.s.DefaultListableBeanFactory     : Creating shared instance of singleton bean 'org.springframework.boot.autoconfigure.transaction.TransactionAutoConfiguration$EnableTransactionManagementConfiguration'
2025-08-13T10:26:19.393+02:00 DEBUG 20060 --- [security-service] [           main] o.s.b.f.s.DefaultListableBeanFactory     : Creating shared instance of singleton bean 'org.springframework.boot.autoconfigure.transaction.TransactionAutoConfiguration$TransactionTemplateConfiguration'
2025-08-13T10:26:19.394+02:00 DEBUG 20060 --- [security-service] [           main] o.s.b.f.s.DefaultListableBeanFactory     : Creating shared instance of singleton bean 'transactionTemplate'
2025-08-13T10:26:19.395+02:00 DEBUG 20060 --- [security-service] [           main] o.s.b.f.s.DefaultListableBeanFactory     : Autowiring by type from bean name 'transactionTemplate' via factory method to bean named 'transactionManager'
2025-08-13T10:26:19.398+02:00 DEBUG 20060 --- [security-service] [           main] o.s.b.f.s.DefaultListableBeanFactory     : Creating shared instance of singleton bean 'org.springframework.boot.autoconfigure.transaction.TransactionAutoConfiguration'
2025-08-13T10:26:19.399+02:00 DEBUG 20060 --- [security-service] [           main] o.s.b.f.s.DefaultListableBeanFactory     : Creating shared instance of singleton bean 'characterEncodingFilter'
2025-08-13T10:26:19.421+02:00 DEBUG 20060 --- [security-service] [           main] o.s.b.f.s.DefaultListableBeanFactory     : Creating shared instance of singleton bean 'multipartResolver'
2025-08-13T10:26:19.424+02:00 DEBUG 20060 --- [security-service] [           main] o.s.b.f.s.DefaultListableBeanFactory     : Creating shared instance of singleton bean 'org.springframework.boot.actuate.autoconfigure.endpoint.web.ServletEndpointManagementContextConfiguration$WebMvcServletEndpointManagementContextConfiguration'
2025-08-13T10:26:19.425+02:00 DEBUG 20060 --- [security-service] [           main] o.s.b.f.s.DefaultListableBeanFactory     : Creating shared instance of singleton bean 'servletEndpointRegistrar'
2025-08-13T10:26:19.425+02:00 DEBUG 20060 --- [security-service] [           main] o.s.b.f.s.DefaultListableBeanFactory     : Autowiring by type from bean name 'servletEndpointRegistrar' via factory method to bean named 'management.endpoints.web-org.springframework.boot.actuate.autoconfigure.endpoint.web.WebEndpointProperties'
2025-08-13T10:26:19.426+02:00 DEBUG 20060 --- [security-service] [           main] o.s.b.f.s.DefaultListableBeanFactory     : Autowiring by type from bean name 'servletEndpointRegistrar' via factory method to bean named 'servletEndpointDiscoverer'
2025-08-13T10:26:19.426+02:00 DEBUG 20060 --- [security-service] [           main] o.s.b.f.s.DefaultListableBeanFactory     : Autowiring by type from bean name 'servletEndpointRegistrar' via factory method to bean named 'dispatcherServletRegistration'
2025-08-13T10:26:19.426+02:00 DEBUG 20060 --- [security-service] [           main] o.s.b.f.s.DefaultListableBeanFactory     : Autowiring by type from bean name 'servletEndpointRegistrar' via factory method to bean named 'propertiesEndpointAccessResolver'
2025-08-13T10:26:19.428+02:00 DEBUG 20060 --- [security-service] [           main] o.s.b.f.s.DefaultListableBeanFactory     : Creating shared instance of singleton bean 'org.springframework.boot.actuate.autoconfigure.security.servlet.SecurityRequestMatchersManagementContextConfiguration$MvcRequestMatcherConfiguration'
2025-08-13T10:26:19.429+02:00 DEBUG 20060 --- [security-service] [           main] o.s.b.f.s.DefaultListableBeanFactory     : Creating shared instance of singleton bean 'requestMatcherProvider'
2025-08-13T10:26:19.430+02:00 DEBUG 20060 --- [security-service] [           main] o.s.b.f.s.DefaultListableBeanFactory     : Autowiring by type from bean name 'requestMatcherProvider' via factory method to bean named 'dispatcherServletRegistration'
2025-08-13T10:26:19.431+02:00 DEBUG 20060 --- [security-service] [           main] o.s.b.f.s.DefaultListableBeanFactory     : Creating shared instance of singleton bean 'org.springframework.boot.actuate.autoconfigure.security.servlet.SecurityRequestMatchersManagementContextConfiguration'
2025-08-13T10:26:19.432+02:00 DEBUG 20060 --- [security-service] [           main] o.s.b.f.s.DefaultListableBeanFactory     : Creating shared instance of singleton bean 'org.springframework.boot.actuate.autoconfigure.web.server.ManagementContextAutoConfiguration$SameManagementContextConfiguration$EnableSameManagementContextConfiguration'
2025-08-13T10:26:19.433+02:00 DEBUG 20060 --- [security-service] [           main] o.s.b.f.s.DefaultListableBeanFactory     : Creating shared instance of singleton bean 'org.springframework.boot.actuate.autoconfigure.web.server.ManagementContextAutoConfiguration$SameManagementContextConfiguration'
2025-08-13T10:26:19.434+02:00 DEBUG 20060 --- [security-service] [           main] o.s.b.f.s.DefaultListableBeanFactory     : Autowiring by type from bean name 'org.springframework.boot.actuate.autoconfigure.web.server.ManagementContextAutoConfiguration$SameManagementContextConfiguration' via constructor to bean named 'environment'
2025-08-13T10:26:19.435+02:00 DEBUG 20060 --- [security-service] [           main] o.s.b.f.s.DefaultListableBeanFactory     : Creating shared instance of singleton bean 'org.springframework.boot.actuate.autoconfigure.web.server.ManagementContextAutoConfiguration'
2025-08-13T10:26:19.436+02:00 DEBUG 20060 --- [security-service] [           main] o.s.b.f.s.DefaultListableBeanFactory     : Creating shared instance of singleton bean 'management.server-org.springframework.boot.actuate.autoconfigure.web.server.ManagementServerProperties'
2025-08-13T10:26:19.548+02:00  INFO 20060 --- [security-service] [           main] c.d.s.SecurityServiceApplicationTests    : Started SecurityServiceApplicationTests in 21.479 seconds (process running for 24.395)
Default Org Name: OrgA
Hibernate: select o1_0.id,o1_0.name from organization o1_0 where o1_0.name=?
Hibernate: select p1_0.id,p1_0.description,p1_0.name from permission p1_0 where p1_0.name=?
Hibernate: select p1_0.id,p1_0.description,p1_0.name from permission p1_0 where p1_0.name=?
Hibernate: select p1_0.id,p1_0.description,p1_0.name from permission p1_0 where p1_0.name=?
Hibernate: select p1_0.id,p1_0.description,p1_0.name from permission p1_0 where p1_0.name=?
Hibernate: select p1_0.id,p1_0.description,p1_0.name from permission p1_0 where p1_0.name=?
Hibernate: select p1_0.id,p1_0.description,p1_0.name from permission p1_0 where p1_0.name=?
Hibernate: select p1_0.id,p1_0.description,p1_0.name from permission p1_0 where p1_0.name=?
Hibernate: select p1_0.id,p1_0.description,p1_0.name from permission p1_0 where p1_0.name=?
Hibernate: select p1_0.id,p1_0.description,p1_0.name from permission p1_0 where p1_0.name=?
Hibernate: select p1_0.id,p1_0.description,p1_0.name from permission p1_0 where p1_0.name=?
Hibernate: select p1_0.id,p1_0.description,p1_0.name from permission p1_0 where p1_0.name=?
Hibernate: select p1_0.id,p1_0.description,p1_0.name from permission p1_0 where p1_0.name=?
Hibernate: select p1_0.id,p1_0.description,p1_0.name from permission p1_0 where p1_0.name=?
Hibernate: select p1_0.id,p1_0.description,p1_0.name from permission p1_0 where p1_0.name=?
Hibernate: select p1_0.id,p1_0.description,p1_0.name from permission p1_0 where p1_0.name=?
Hibernate: select p1_0.id,p1_0.description,p1_0.name from permission p1_0 where p1_0.name=?
Hibernate: select r1_0.id,r1_0.name,r1_0.organization_id from role r1_0 where r1_0.name=?
Hibernate: select p1_0.role_id,p1_1.id,p1_1.description,p1_1.name from role_permissions p1_0 join permission p1_1 on p1_1.id=p1_0.permission_id where p1_0.role_id=?
Hibernate: select r1_0.id,r1_0.name,r1_0.organization_id from role r1_0 where r1_0.name=?
Hibernate: select p1_0.role_id,p1_1.id,p1_1.description,p1_1.name from role_permissions p1_0 join permission p1_1 on p1_1.id=p1_0.permission_id where p1_0.role_id=?
Hibernate: select r1_0.id,r1_0.name,r1_0.organization_id from role r1_0 where r1_0.name=?
Hibernate: select p1_0.role_id,p1_1.id,p1_1.description,p1_1.name from role_permissions p1_0 join permission p1_1 on p1_1.id=p1_0.permission_id where p1_0.role_id=?
Hibernate: select r1_0.id,r1_0.name,r1_0.organization_id from role r1_0 where r1_0.name=?
Hibernate: select p1_0.role_id,p1_1.id,p1_1.description,p1_1.name from role_permissions p1_0 join permission p1_1 on p1_1.id=p1_0.permission_id where p1_0.role_id=?
Hibernate: select or1_0.id,or1_0.name,or1_0.organization_id from org_roles or1_0 where or1_0.name=?
Hibernate: select or1_0.id,or1_0.name,or1_0.organization_id from org_roles or1_0 where or1_0.name=?
Hibernate: select op1_0.id,op1_0.org_action,op1_0.org_role_id from org_permissions op1_0 where op1_0.org_action=?
Hibernate: select op1_0.id,op1_0.org_action,op1_0.org_role_id from org_permissions op1_0 where op1_0.org_action=?
Hibernate: select op1_0.id,op1_0.org_action,op1_0.org_role_id from org_permissions op1_0 where op1_0.org_action=?
Hibernate: select op1_0.id,op1_0.org_action,op1_0.org_role_id from org_permissions op1_0 where op1_0.org_action=?
Hibernate: select op1_0.id,op1_0.org_action,op1_0.org_role_id from org_permissions op1_0 where op1_0.org_action=?
Hibernate: select op1_0.id,op1_0.org_action,op1_0.org_role_id from org_permissions op1_0 where op1_0.org_action=?
Hibernate: select op1_0.id,op1_0.org_action,op1_0.org_role_id from org_permissions op1_0 where op1_0.org_action=?
Hibernate: select op1_0.id,op1_0.org_action,op1_0.org_role_id from org_permissions op1_0 where op1_0.org_action=?
Hibernate: select op1_0.id,op1_0.org_action,op1_0.org_role_id from org_permissions op1_0 where op1_0.org_action=?
Hibernate: select op1_0.id,op1_0.org_action,op1_0.org_role_id from org_permissions op1_0 where op1_0.org_action=?
Hibernate: select op1_0.id,op1_0.org_action,op1_0.org_role_id from org_permissions op1_0 where op1_0.org_action=?
Hibernate: select op1_0.id,op1_0.org_action,op1_0.org_role_id from org_permissions op1_0 where op1_0.org_action=?
Hibernate: select u1_0.id,u1_0.email,u1_0.org_role_id,u1_0.organization_id,u1_0.password_hash,u1_0.username from users u1_0 where u1_0.username=?
Hibernate: select u1_0.id,u1_0.email,u1_0.org_role_id,u1_0.organization_id,u1_0.password_hash,u1_0.username from users u1_0 where u1_0.username=?
Hibernate: select u1_0.id,u1_0.email,u1_0.org_role_id,u1_0.organization_id,u1_0.password_hash,u1_0.username from users u1_0 where u1_0.username=?
Hibernate: select u1_0.id,u1_0.email,u1_0.org_role_id,u1_0.organization_id,u1_0.password_hash,u1_0.username from users u1_0 where u1_0.username=?
Hibernate: select pr1_0.id,pr1_0.name from projects_roles pr1_0 where pr1_0.name=?
Hibernate: select pr1_0.id,pr1_0.name from projects_roles pr1_0 where pr1_0.name=?
Hibernate: select p1_0.id,p1_0.name,p1_0.org_id from projects p1_0 where p1_0.name=?
Hibernate: select pr1_0.project_id,pr1_1.id,pr1_1.name from project_roles pr1_0 join projects_roles pr1_1 on pr1_1.id=pr1_0.role_id where pr1_0.project_id=?
Hibernate: select pe1_0.id,i1_0.processing_element_id,i1_0.input,o1_0.processing_element_id,o1_0.output,oo1_0.id,oo1_0.name,opo1_0.id,opo1_0.name,pe1_0.template_id,v1_0.processing_element_id,v1_0.visible_org from processing_element pe1_0 left join processing_element_inputs i1_0 on pe1_0.id=i1_0.processing_element_id left join processing_element_outputs o1_0 on pe1_0.id=o1_0.processing_element_id left join organization oo1_0 on oo1_0.id=pe1_0.owner_organization_id left join partner_organization opo1_0 on opo1_0.id=pe1_0.owner_partner_organization_id left join processing_element_visibility v1_0 on pe1_0.id=v1_0.processing_element_id where pe1_0.id=?
Hibernate: select pe1_0.id,i1_0.processing_element_id,i1_0.input,o1_0.processing_element_id,o1_0.output,oo1_0.id,oo1_0.name,opo1_0.id,opo1_0.name,pe1_0.template_id,v1_0.processing_element_id,v1_0.visible_org from processing_element pe1_0 left join processing_element_inputs i1_0 on pe1_0.id=i1_0.processing_element_id left join processing_element_outputs o1_0 on pe1_0.id=o1_0.processing_element_id left join organization oo1_0 on oo1_0.id=pe1_0.owner_organization_id left join partner_organization opo1_0 on opo1_0.id=pe1_0.owner_partner_organization_id left join processing_element_visibility v1_0 on pe1_0.id=v1_0.processing_element_id where pe1_0.id=?
Hibernate: select p1_0.id,p1_0.created_at,p1_0.created_by,p1_0.description,p1_0.name,p1_0.owner_organization_id,oo1_0.id,oo1_0.name,pr1_0.id,pr1_0.name,pr1_0.organization_id,p2_0.role_id,p2_1.id,p2_1.description,p2_1.name,p1_0.project_id,p1_0.updated_at from pipeline p1_0 join organization oo1_0 on oo1_0.id=p1_0.owner_organization_id left join role pr1_0 on pr1_0.id=p1_0.pipeline_role_id left join role_permissions p2_0 on pr1_0.id=p2_0.role_id left join permission p2_1 on p2_1.id=p2_0.permission_id where p1_0.id=?
Hibernate: select t1_0.pipeline_id,t1_1.id,t1_1.token from pipeline_tokens t1_0 join token t1_1 on t1_1.id=t1_0.tokens_id where t1_0.pipeline_id=?
Hibernate: select pe1_0.pipeline_id,pe1_1.id,i1_0.processing_element_id,i1_0.input,o1_0.processing_element_id,o1_0.output,oo1_0.id,oo1_0.name,opo1_0.id,opo1_0.name,pe1_1.template_id,v1_0.processing_element_id,v1_0.visible_org from pipeline_processing_element_mapping pe1_0 join processing_element pe1_1 on pe1_1.id=pe1_0.processing_element_id left join processing_element_inputs i1_0 on pe1_1.id=i1_0.processing_element_id left join processing_element_outputs o1_0 on pe1_1.id=o1_0.processing_element_id left join organization oo1_0 on oo1_0.id=pe1_1.owner_organization_id left join partner_organization opo1_0 on opo1_0.id=pe1_1.owner_partner_organization_id left join processing_element_visibility v1_0 on pe1_1.id=v1_0.processing_element_id where pe1_0.pipeline_id=?
Hibernate: select c1_0.pipeline_id,c1_0.source,c1_0.target from pipeline_channels c1_0 where c1_0.pipeline_id=?
Hibernate: select pp1_0.id,pp1_0.proj_action from project_permissions pp1_0 where pp1_0.proj_action=?
Hibernate: select pp1_0.id,pp1_0.proj_action from project_permissions pp1_0 where pp1_0.proj_action=?
Hibernate: select pp1_0.id,pp1_0.proj_action from project_permissions pp1_0 where pp1_0.proj_action=?
Hibernate: select pp1_0.id,pp1_0.proj_action from project_permissions pp1_0 where pp1_0.proj_action=?
Hibernate: select pp1_0.id,pp1_0.proj_action from project_permissions pp1_0 where pp1_0.proj_action=?
Hibernate: select pp1_0.id,pp1_0.proj_action from project_permissions pp1_0 where pp1_0.proj_action=?
Hibernate: select pp1_0.id,pp1_0.proj_action from project_permissions pp1_0 where pp1_0.proj_action=?
Hibernate: select pp1_0.id,pp1_0.proj_action from project_permissions pp1_0 where pp1_0.proj_action=?
Hibernate: select pp1_0.id,pp1_0.proj_action from project_permissions pp1_0 where pp1_0.proj_action=?
Hibernate: select pp1_0.id,pp1_0.proj_action from project_permissions pp1_0 where pp1_0.proj_action=?
Hibernate: select prp1_0.id,prp1_0.permission_id,prp1_0.project_id,prp1_0.role_id,prp1_0.version from project_role_permissions prp1_0 where prp1_0.project_id=? and prp1_0.permission_id=? and prp1_0.role_id=?
Hibernate: select prp1_0.id,prp1_0.permission_id,prp1_0.project_id,prp1_0.role_id,prp1_0.version from project_role_permissions prp1_0 where prp1_0.project_id=? and prp1_0.permission_id=? and prp1_0.role_id=?
Hibernate: select prp1_0.id,prp1_0.permission_id,prp1_0.project_id,prp1_0.role_id,prp1_0.version from project_role_permissions prp1_0 where prp1_0.project_id=? and prp1_0.permission_id=? and prp1_0.role_id=?
Hibernate: select prp1_0.id,prp1_0.permission_id,prp1_0.project_id,prp1_0.role_id,prp1_0.version from project_role_permissions prp1_0 where prp1_0.project_id=? and prp1_0.permission_id=? and prp1_0.role_id=?
Hibernate: select prp1_0.id,prp1_0.permission_id,prp1_0.project_id,prp1_0.role_id,prp1_0.version from project_role_permissions prp1_0 where prp1_0.project_id=? and prp1_0.permission_id=? and prp1_0.role_id=?
Hibernate: select prp1_0.id,prp1_0.permission_id,prp1_0.project_id,prp1_0.role_id,prp1_0.version from project_role_permissions prp1_0 where prp1_0.project_id=? and prp1_0.permission_id=? and prp1_0.role_id=?
Hibernate: select u1_0.id,u1_0.email,u1_0.org_role_id,u1_0.organization_id,u1_0.password_hash,u1_0.username from users u1_0 where u1_0.username=?
Hibernate: select ura1_0.id,ura1_0.project_id,ura1_0.project_role_id,ura1_0.user_id from user_role_assignments ura1_0 where ura1_0.user_id=? and ura1_0.project_id=?
Database initialization complete.
]]></system-out>
    <system-err><![CDATA[Aug 13, 2025 10:25:56 AM org.junit.platform.launcher.core.LauncherConfigurationParameters loadClasspathResource
WARNING: Discovered 3 'junit-platform.properties' configuration files on the classpath (see below); only the first (*) will be used.
- jar:file:/C:/Users/husss/.m2/repository/org/apache/kafka/kafka-clients/3.8.1/kafka-clients-3.8.1-test.jar!/junit-platform.properties (*)
- jar:file:/C:/Users/husss/.m2/repository/org/apache/kafka/kafka-server-common/3.8.1/kafka-server-common-3.8.1-test.jar!/junit-platform.properties
- jar:file:/C:/Users/husss/.m2/repository/org/apache/kafka/kafka_2.13/3.8.1/kafka_2.13-3.8.1-test.jar!/junit-platform.properties
Aug 13, 2025 10:25:56 AM org.junit.platform.launcher.core.LauncherConfigurationParameters loadClasspathResource
WARNING: Discovered 3 'junit-platform.properties' configuration files on the classpath (see below); only the first (*) will be used.
- jar:file:/C:/Users/husss/.m2/repository/org/apache/kafka/kafka-clients/3.8.1/kafka-clients-3.8.1-test.jar!/junit-platform.properties (*)
- jar:file:/C:/Users/husss/.m2/repository/org/apache/kafka/kafka-server-common/3.8.1/kafka-server-common-3.8.1-test.jar!/junit-platform.properties
- jar:file:/C:/Users/husss/.m2/repository/org/apache/kafka/kafka_2.13/3.8.1/kafka_2.13-3.8.1-test.jar!/junit-platform.properties
Aug 13, 2025 10:25:57 AM org.junit.platform.launcher.core.LauncherConfigurationParameters loadClasspathResource
WARNING: Discovered 3 'junit-platform.properties' configuration files on the classpath (see below); only the first (*) will be used.
- jar:file:/C:/Users/husss/.m2/repository/org/apache/kafka/kafka-clients/3.8.1/kafka-clients-3.8.1-test.jar!/junit-platform.properties (*)
- jar:file:/C:/Users/husss/.m2/repository/org/apache/kafka/kafka-server-common/3.8.1/kafka-server-common-3.8.1-test.jar!/junit-platform.properties
- jar:file:/C:/Users/husss/.m2/repository/org/apache/kafka/kafka_2.13/3.8.1/kafka_2.13-3.8.1-test.jar!/junit-platform.properties
Mockito is currently self-attaching to enable the inline-mock-maker. This will no longer work in future releases of the JDK. Please add Mockito as an agent to your build what is described in Mockito's documentation: https://javadoc.io/doc/org.mockito/mockito-core/latest/org/mockito/Mockito.html#0.3
WARNING: A Java agent has been loaded dynamically (C:\Users\husss\.m2\repository\net\bytebuddy\byte-buddy-agent\1.15.11\byte-buddy-agent-1.15.11.jar)
WARNING: If a serviceability tool is in use, please run with -XX:+EnableDynamicAgentLoading to hide this warning
WARNING: If a serviceability tool is not in use, please run with -Djdk.instrument.traceUsage for more information
WARNING: Dynamic loading of agents will be disallowed by default in a future release
]]></system-err>
  </testcase>
</testsuite>